{"D:\\AlgoVerse\\server\\src\\app.js": {"path":"D:\\AlgoVerse\\server\\src\\app.js","statementMap":{"0":{"start":{"line":6,"column":16},"end":{"line":6,"column":34}},"1":{"start":{"line":7,"column":13},"end":{"line":7,"column":28}},"2":{"start":{"line":8,"column":15},"end":{"line":8,"column":32}},"3":{"start":{"line":9,"column":20},"end":{"line":9,"column":42}},"4":{"start":{"line":10,"column":21},"end":{"line":10,"column":45}},"5":{"start":{"line":11,"column":15},"end":{"line":11,"column":32}},"6":{"start":{"line":12,"column":12},"end":{"line":12,"column":32}},"7":{"start":{"line":13,"column":12},"end":{"line":13,"column":26}},"8":{"start":{"line":14,"column":18},"end":{"line":14,"column":47}},"9":{"start":{"line":15,"column":17},"end":{"line":15,"column":36}},"10":{"start":{"line":17,"column":22},"end":{"line":17,"column":55}},"11":{"start":{"line":19,"column":19},"end":{"line":19,"column":49}},"12":{"start":{"line":20,"column":22},"end":{"line":20,"column":55}},"13":{"start":{"line":21,"column":19},"end":{"line":21,"column":49}},"14":{"start":{"line":22,"column":25},"end":{"line":22,"column":61}},"15":{"start":{"line":23,"column":24},"end":{"line":23,"column":59}},"16":{"start":{"line":24,"column":17},"end":{"line":24,"column":45}},"17":{"start":{"line":25,"column":24},"end":{"line":25,"column":63}},"18":{"start":{"line":26,"column":17},"end":{"line":26,"column":44}},"19":{"start":{"line":27,"column":15},"end":{"line":27,"column":40}},"20":{"start":{"line":29,"column":15},"end":{"line":29,"column":34}},"21":{"start":{"line":32,"column":12},"end":{"line":32,"column":21}},"22":{"start":{"line":35,"column":0},"end":{"line":35,"column":26}},"23":{"start":{"line":43,"column":0},"end":{"line":43,"column":18}},"24":{"start":{"line":46,"column":0},"end":{"line":46,"column":25}},"25":{"start":{"line":49,"column":0},"end":{"line":49,"column":15}},"26":{"start":{"line":52,"column":0},"end":{"line":52,"column":15}},"27":{"start":{"line":55,"column":16},"end":{"line":64,"column":2}},"28":{"start":{"line":65,"column":0},"end":{"line":65,"column":17}},"29":{"start":{"line":69,"column":29},"end":{"line":80,"column":6}},"30":{"start":{"line":70,"column":24},"end":{"line":70,"column":30}},"31":{"start":{"line":84,"column":26},"end":{"line":93,"column":2}},"32":{"start":{"line":99,"column":0},"end":{"line":99,"column":41}},"33":{"start":{"line":100,"column":0},"end":{"line":100,"column":63}},"34":{"start":{"line":101,"column":0},"end":{"line":101,"column":24}},"35":{"start":{"line":107,"column":0},"end":{"line":114,"column":2}},"36":{"start":{"line":122,"column":0},"end":{"line":122,"column":23}},"37":{"start":{"line":126,"column":0},"end":{"line":134,"column":1}},"38":{"start":{"line":127,"column":2},"end":{"line":133,"column":4}},"39":{"start":{"line":130,"column":28},"end":{"line":130,"column":55}},"40":{"start":{"line":141,"column":0},"end":{"line":147,"column":3}},"41":{"start":{"line":142,"column":2},"end":{"line":146,"column":5}},"42":{"start":{"line":150,"column":0},"end":{"line":174,"column":3}},"43":{"start":{"line":151,"column":18},"end":{"line":151,"column":48}},"44":{"start":{"line":153,"column":19},"end":{"line":153,"column":101}},"45":{"start":{"line":154,"column":20},"end":{"line":154,"column":33}},"46":{"start":{"line":156,"column":2},"end":{"line":173,"column":5}},"47":{"start":{"line":181,"column":0},"end":{"line":181,"column":36}},"48":{"start":{"line":184,"column":0},"end":{"line":184,"column":43}},"49":{"start":{"line":187,"column":0},"end":{"line":187,"column":58}},"50":{"start":{"line":190,"column":0},"end":{"line":190,"column":68}},"51":{"start":{"line":193,"column":0},"end":{"line":193,"column":46}},"52":{"start":{"line":196,"column":0},"end":{"line":196,"column":58}},"53":{"start":{"line":200,"column":0},"end":{"line":200,"column":32}},"54":{"start":{"line":207,"column":0},"end":{"line":210,"column":3}},"55":{"start":{"line":208,"column":16},"end":{"line":208,"column":82}},"56":{"start":{"line":209,"column":2},"end":{"line":209,"column":14}},"57":{"start":{"line":216,"column":0},"end":{"line":216,"column":25}},"58":{"start":{"line":218,"column":0},"end":{"line":218,"column":21}}},"fnMap":{"0":{"name":"(anonymous_0)","decl":{"start":{"line":70,"column":4},"end":{"line":70,"column":5}},"loc":{"start":{"line":70,"column":24},"end":{"line":70,"column":30}},"line":70},"1":{"name":"(anonymous_1)","decl":{"start":{"line":130,"column":15},"end":{"line":130,"column":16}},"loc":{"start":{"line":130,"column":28},"end":{"line":130,"column":55}},"line":130},"2":{"name":"(anonymous_2)","decl":{"start":{"line":141,"column":19},"end":{"line":141,"column":20}},"loc":{"start":{"line":141,"column":33},"end":{"line":147,"column":1}},"line":141},"3":{"name":"(anonymous_3)","decl":{"start":{"line":150,"column":26},"end":{"line":150,"column":27}},"loc":{"start":{"line":150,"column":40},"end":{"line":174,"column":1}},"line":150},"4":{"name":"(anonymous_4)","decl":{"start":{"line":207,"column":13},"end":{"line":207,"column":14}},"loc":{"start":{"line":207,"column":33},"end":{"line":210,"column":1}},"line":207}},"branchMap":{"0":{"loc":{"start":{"line":69,"column":29},"end":{"line":80,"column":6}},"type":"cond-expr","locations":[{"start":{"line":70,"column":4},"end":{"line":70,"column":30}},{"start":{"line":71,"column":4},"end":{"line":80,"column":6}}],"line":69},"1":{"loc":{"start":{"line":126,"column":0},"end":{"line":134,"column":1}},"type":"if","locations":[{"start":{"line":126,"column":0},"end":{"line":134,"column":1}},{"start":{},"end":{}}],"line":126},"2":{"loc":{"start":{"line":128,"column":11},"end":{"line":128,"column":48}},"type":"cond-expr","locations":[{"start":{"line":128,"column":33},"end":{"line":128,"column":40}},{"start":{"line":128,"column":43},"end":{"line":128,"column":48}}],"line":128},"3":{"loc":{"start":{"line":153,"column":19},"end":{"line":153,"column":101}},"type":"binary-expr","locations":[{"start":{"line":153,"column":19},"end":{"line":153,"column":88}},{"start":{"line":153,"column":92},"end":{"line":153,"column":101}}],"line":153},"4":{"loc":{"start":{"line":156,"column":13},"end":{"line":156,"column":34}},"type":"cond-expr","locations":[{"start":{"line":156,"column":25},"end":{"line":156,"column":28}},{"start":{"line":156,"column":31},"end":{"line":156,"column":34}}],"line":156},"5":{"loc":{"start":{"line":158,"column":13},"end":{"line":158,"column":66}},"type":"cond-expr","locations":[{"start":{"line":158,"column":25},"end":{"line":158,"column":45}},{"start":{"line":158,"column":48},"end":{"line":158,"column":66}}],"line":158}},"s":{"0":1,"1":1,"2":1,"3":1,"4":1,"5":1,"6":1,"7":1,"8":1,"9":1,"10":1,"11":1,"12":1,"13":1,"14":1,"15":1,"16":1,"17":1,"18":1,"19":1,"20":1,"21":1,"22":1,"23":1,"24":1,"25":1,"26":1,"27":1,"28":1,"29":1,"30":0,"31":1,"32":1,"33":1,"34":1,"35":1,"36":1,"37":1,"38":0,"39":0,"40":1,"41":0,"42":1,"43":0,"44":0,"45":0,"46":0,"47":1,"48":1,"49":1,"50":1,"51":1,"52":1,"53":1,"54":1,"55":0,"56":0,"57":1,"58":1},"f":{"0":0,"1":0,"2":0,"3":0,"4":0},"b":{"0":[1,0],"1":[0,1],"2":[0,0],"3":[0,0],"4":[0,0],"5":[0,0]},"_coverageSchema":"1a1c01bbd47fc00a2c39e90264f33305004495a9","hash":"8615bded8ccefe6a4b8b32534482de6bd3feeb19"}
,"D:\\AlgoVerse\\server\\src\\config\\aiConfig.js": {"path":"D:\\AlgoVerse\\server\\src\\config\\aiConfig.js","statementMap":{"0":{"start":{"line":6,"column":19},"end":{"line":6,"column":90}},"1":{"start":{"line":7,"column":15},"end":{"line":7,"column":103}},"2":{"start":{"line":8,"column":16},"end":{"line":8,"column":102}},"3":{"start":{"line":10,"column":0},"end":{"line":16,"column":2}}},"fnMap":{},"branchMap":{"0":{"loc":{"start":{"line":6,"column":19},"end":{"line":6,"column":90}},"type":"binary-expr","locations":[{"start":{"line":6,"column":19},"end":{"line":6,"column":42}},{"start":{"line":6,"column":47},"end":{"line":6,"column":89}}],"line":6},"1":{"loc":{"start":{"line":6,"column":47},"end":{"line":6,"column":89}},"type":"cond-expr","locations":[{"start":{"line":6,"column":72},"end":{"line":6,"column":80}},{"start":{"line":6,"column":83},"end":{"line":6,"column":89}}],"line":6},"2":{"loc":{"start":{"line":7,"column":15},"end":{"line":7,"column":103}},"type":"binary-expr","locations":[{"start":{"line":7,"column":15},"end":{"line":7,"column":37}},{"start":{"line":7,"column":41},"end":{"line":7,"column":67}},{"start":{"line":7,"column":71},"end":{"line":7,"column":97}},{"start":{"line":7,"column":101},"end":{"line":7,"column":103}}],"line":7},"3":{"loc":{"start":{"line":8,"column":16},"end":{"line":8,"column":102}},"type":"binary-expr","locations":[{"start":{"line":8,"column":16},"end":{"line":8,"column":36}},{"start":{"line":8,"column":41},"end":{"line":8,"column":101}}],"line":8},"4":{"loc":{"start":{"line":8,"column":41},"end":{"line":8,"column":101}},"type":"cond-expr","locations":[{"start":{"line":8,"column":67},"end":{"line":8,"column":80}},{"start":{"line":8,"column":83},"end":{"line":8,"column":101}}],"line":8},"5":{"loc":{"start":{"line":14,"column":10},"end":{"line":14,"column":56}},"type":"binary-expr","locations":[{"start":{"line":14,"column":10},"end":{"line":14,"column":45}},{"start":{"line":14,"column":49},"end":{"line":14,"column":56}}],"line":14},"6":{"loc":{"start":{"line":15,"column":13},"end":{"line":15,"column":61}},"type":"binary-expr","locations":[{"start":{"line":15,"column":13},"end":{"line":15,"column":52}},{"start":{"line":15,"column":56},"end":{"line":15,"column":61}}],"line":15}},"s":{"0":1,"1":1,"2":1,"3":1},"f":{},"b":{"0":[1,0],"1":[0,0],"2":[1,1,1,1],"3":[1,1],"4":[0,1],"5":[1,0],"6":[1,1]},"_coverageSchema":"1a1c01bbd47fc00a2c39e90264f33305004495a9","hash":"ea77c18ba8948097df2d36c9566fa720066ab74a"}
,"D:\\AlgoVerse\\server\\src\\config\\index.js": {"path":"D:\\AlgoVerse\\server\\src\\config\\index.js","statementMap":{"0":{"start":{"line":7,"column":24},"end":{"line":7,"column":73}},"1":{"start":{"line":9,"column":0},"end":{"line":13,"column":1}},"2":{"start":{"line":10,"column":2},"end":{"line":12,"column":3}},"3":{"start":{"line":11,"column":4},"end":{"line":11,"column":76}},"4":{"start":{"line":15,"column":21},"end":{"line":15,"column":58}},"5":{"start":{"line":17,"column":0},"end":{"line":48,"column":2}}},"fnMap":{},"branchMap":{"0":{"loc":{"start":{"line":10,"column":2},"end":{"line":12,"column":3}},"type":"if","locations":[{"start":{"line":10,"column":2},"end":{"line":12,"column":3}},{"start":{},"end":{}}],"line":10},"1":{"loc":{"start":{"line":18,"column":8},"end":{"line":18,"column":46}},"type":"binary-expr","locations":[{"start":{"line":18,"column":8},"end":{"line":18,"column":38}},{"start":{"line":18,"column":42},"end":{"line":18,"column":46}}],"line":18},"2":{"loc":{"start":{"line":19,"column":11},"end":{"line":19,"column":48}},"type":"binary-expr","locations":[{"start":{"line":19,"column":11},"end":{"line":19,"column":31}},{"start":{"line":19,"column":35},"end":{"line":19,"column":48}}],"line":19},"3":{"loc":{"start":{"line":23,"column":17},"end":{"line":23,"column":85}},"type":"binary-expr","locations":[{"start":{"line":23,"column":17},"end":{"line":23,"column":58}},{"start":{"line":23,"column":63},"end":{"line":23,"column":84}}],"line":23},"4":{"loc":{"start":{"line":23,"column":63},"end":{"line":23,"column":84}},"type":"cond-expr","locations":[{"start":{"line":23,"column":78},"end":{"line":23,"column":80}},{"start":{"line":23,"column":83},"end":{"line":23,"column":84}}],"line":23},"5":{"loc":{"start":{"line":26,"column":13},"end":{"line":26,"column":62}},"type":"binary-expr","locations":[{"start":{"line":26,"column":13},"end":{"line":26,"column":35}},{"start":{"line":26,"column":39},"end":{"line":26,"column":62}}],"line":26},"6":{"loc":{"start":{"line":29,"column":12},"end":{"line":29,"column":43}},"type":"binary-expr","locations":[{"start":{"line":29,"column":12},"end":{"line":29,"column":34}},{"start":{"line":29,"column":38},"end":{"line":29,"column":43}}],"line":29},"7":{"loc":{"start":{"line":32,"column":19},"end":{"line":32,"column":57}},"type":"binary-expr","locations":[{"start":{"line":32,"column":19},"end":{"line":32,"column":49}},{"start":{"line":32,"column":53},"end":{"line":32,"column":57}}],"line":32},"8":{"loc":{"start":{"line":36,"column":9},"end":{"line":36,"column":77}},"type":"cond-expr","locations":[{"start":{"line":36,"column":24},"end":{"line":36,"column":27}},{"start":{"line":36,"column":31},"end":{"line":36,"column":76}}],"line":36},"9":{"loc":{"start":{"line":36,"column":31},"end":{"line":36,"column":76}},"type":"cond-expr","locations":[{"start":{"line":36,"column":65},"end":{"line":36,"column":69}},{"start":{"line":36,"column":72},"end":{"line":36,"column":76}}],"line":36},"10":{"loc":{"start":{"line":41,"column":9},"end":{"line":41,"column":32}},"type":"cond-expr","locations":[{"start":{"line":41,"column":24},"end":{"line":41,"column":26}},{"start":{"line":41,"column":29},"end":{"line":41,"column":32}}],"line":41},"11":{"loc":{"start":{"line":44,"column":14},"end":{"line":44,"column":49}},"type":"binary-expr","locations":[{"start":{"line":44,"column":14},"end":{"line":44,"column":43}},{"start":{"line":44,"column":47},"end":{"line":44,"column":49}}],"line":44},"12":{"loc":{"start":{"line":45,"column":18},"end":{"line":45,"column":57}},"type":"binary-expr","locations":[{"start":{"line":45,"column":18},"end":{"line":45,"column":51}},{"start":{"line":45,"column":55},"end":{"line":45,"column":57}}],"line":45}},"s":{"0":1,"1":1,"2":3,"3":0,"4":1,"5":1},"f":{},"b":{"0":[0,3],"1":[1,1],"2":[1,0],"3":[1,1],"4":[0,1],"5":[1,0],"6":[1,0],"7":[1,0],"8":[0,1],"9":[1,0],"10":[0,1],"11":[1,1],"12":[1,1]},"_coverageSchema":"1a1c01bbd47fc00a2c39e90264f33305004495a9","hash":"3169e58603442c8668f6c45cd43020323e85310b"}
,"D:\\AlgoVerse\\server\\src\\config\\redis.js": {"path":"D:\\AlgoVerse\\server\\src\\config\\redis.js","statementMap":{"0":{"start":{"line":1,"column":14},"end":{"line":1,"column":32}},"1":{"start":{"line":2,"column":15},"end":{"line":2,"column":41}},"2":{"start":{"line":4,"column":17},"end":{"line":4,"column":66}},"3":{"start":{"line":7,"column":18},"end":{"line":7,"column":85}},"4":{"start":{"line":9,"column":14},"end":{"line":16,"column":2}},"5":{"start":{"line":13,"column":18},"end":{"line":13,"column":44}},"6":{"start":{"line":14,"column":4},"end":{"line":14,"column":17}},"7":{"start":{"line":18,"column":0},"end":{"line":20,"column":3}},"8":{"start":{"line":19,"column":2},"end":{"line":19,"column":49}},"9":{"start":{"line":22,"column":0},"end":{"line":24,"column":3}},"10":{"start":{"line":23,"column":2},"end":{"line":23,"column":68}},"11":{"start":{"line":26,"column":0},"end":{"line":26,"column":23}}},"fnMap":{"0":{"name":"(anonymous_0)","decl":{"start":{"line":12,"column":2},"end":{"line":12,"column":3}},"loc":{"start":{"line":12,"column":23},"end":{"line":15,"column":3}},"line":12},"1":{"name":"(anonymous_1)","decl":{"start":{"line":18,"column":20},"end":{"line":18,"column":21}},"loc":{"start":{"line":18,"column":26},"end":{"line":20,"column":1}},"line":18},"2":{"name":"(anonymous_2)","decl":{"start":{"line":22,"column":18},"end":{"line":22,"column":19}},"loc":{"start":{"line":22,"column":27},"end":{"line":24,"column":1}},"line":22}},"branchMap":{"0":{"loc":{"start":{"line":4,"column":17},"end":{"line":4,"column":66}},"type":"binary-expr","locations":[{"start":{"line":4,"column":17},"end":{"line":4,"column":38}},{"start":{"line":4,"column":42},"end":{"line":4,"column":66}}],"line":4},"1":{"loc":{"start":{"line":7,"column":18},"end":{"line":7,"column":85}},"type":"binary-expr","locations":[{"start":{"line":7,"column":18},"end":{"line":7,"column":49}},{"start":{"line":7,"column":53},"end":{"line":7,"column":85}}],"line":7},"2":{"loc":{"start":{"line":11,"column":7},"end":{"line":11,"column":60}},"type":"cond-expr","locations":[{"start":{"line":11,"column":19},"end":{"line":11,"column":48}},{"start":{"line":11,"column":51},"end":{"line":11,"column":60}}],"line":11}},"s":{"0":1,"1":1,"2":1,"3":1,"4":1,"5":0,"6":0,"7":1,"8":1,"9":1,"10":1,"11":1},"f":{"0":0,"1":1,"2":1},"b":{"0":[1,1],"1":[1,1],"2":[0,1]},"_coverageSchema":"1a1c01bbd47fc00a2c39e90264f33305004495a9","hash":"243a04875bf0086dd3ef0c7d6cfbd21975a61675"}
,"D:\\AlgoVerse\\server\\src\\constants\\enums.js": {"path":"D:\\AlgoVerse\\server\\src\\constants\\enums.js","statementMap":{"0":{"start":{"line":7,"column":17},"end":{"line":16,"column":1}},"1":{"start":{"line":18,"column":21},"end":{"line":22,"column":1}},"2":{"start":{"line":24,"column":14},"end":{"line":27,"column":1}},"3":{"start":{"line":30,"column":18},"end":{"line":30,"column":57}},"4":{"start":{"line":33,"column":31},"end":{"line":37,"column":1}},"5":{"start":{"line":39,"column":34},"end":{"line":39,"column":60}},"6":{"start":{"line":41,"column":30},"end":{"line":44,"column":1}},"7":{"start":{"line":46,"column":0},"end":{"line":54,"column":2}}},"fnMap":{},"branchMap":{},"s":{"0":1,"1":1,"2":1,"3":1,"4":1,"5":1,"6":1,"7":1},"f":{},"b":{},"_coverageSchema":"1a1c01bbd47fc00a2c39e90264f33305004495a9","hash":"d36627dc6b437f894383d15e4cebef42404074e4"}
,"D:\\AlgoVerse\\server\\src\\controllers\\aiController.js": {"path":"D:\\AlgoVerse\\server\\src\\controllers\\aiController.js","statementMap":{"0":{"start":{"line":7,"column":21},"end":{"line":7,"column":53}},"1":{"start":{"line":8,"column":24},"end":{"line":8,"column":59}},"2":{"start":{"line":9,"column":17},"end":{"line":9,"column":45}},"3":{"start":{"line":10,"column":15},"end":{"line":10,"column":41}},"4":{"start":{"line":17,"column":4},"end":{"line":17,"column":36}},"5":{"start":{"line":18,"column":22},"end":{"line":18,"column":56}},"6":{"start":{"line":19,"column":17},"end":{"line":19,"column":46}},"7":{"start":{"line":29,"column":23},"end":{"line":35,"column":1}},"8":{"start":{"line":30,"column":2},"end":{"line":34,"column":3}},"9":{"start":{"line":31,"column":4},"end":{"line":31,"column":104}},"10":{"start":{"line":33,"column":4},"end":{"line":33,"column":85}},"11":{"start":{"line":43,"column":23},"end":{"line":47,"column":1}},"12":{"start":{"line":44,"column":2},"end":{"line":46,"column":3}},"13":{"start":{"line":45,"column":4},"end":{"line":45,"column":90}},"14":{"start":{"line":53,"column":19},"end":{"line":68,"column":2}},"15":{"start":{"line":54,"column":29},"end":{"line":54,"column":37}},"16":{"start":{"line":56,"column":2},"end":{"line":56,"column":101}},"17":{"start":{"line":58,"column":17},"end":{"line":58,"column":52}},"18":{"start":{"line":59,"column":2},"end":{"line":59,"column":25}},"19":{"start":{"line":61,"column":2},"end":{"line":64,"column":4}},"20":{"start":{"line":66,"column":2},"end":{"line":66,"column":62}},"21":{"start":{"line":67,"column":2},"end":{"line":67,"column":78}},"22":{"start":{"line":74,"column":20},"end":{"line":89,"column":2}},"23":{"start":{"line":75,"column":29},"end":{"line":75,"column":37}},"24":{"start":{"line":77,"column":2},"end":{"line":77,"column":72}},"25":{"start":{"line":79,"column":17},"end":{"line":79,"column":56}},"26":{"start":{"line":80,"column":2},"end":{"line":80,"column":25}},"27":{"start":{"line":82,"column":2},"end":{"line":85,"column":4}},"28":{"start":{"line":87,"column":2},"end":{"line":87,"column":96}},"29":{"start":{"line":88,"column":2},"end":{"line":88,"column":73}},"30":{"start":{"line":95,"column":17},"end":{"line":110,"column":2}},"31":{"start":{"line":96,"column":59},"end":{"line":96,"column":67}},"32":{"start":{"line":98,"column":2},"end":{"line":98,"column":103}},"33":{"start":{"line":100,"column":17},"end":{"line":100,"column":82}},"34":{"start":{"line":101,"column":2},"end":{"line":101,"column":25}},"35":{"start":{"line":103,"column":2},"end":{"line":106,"column":4}},"36":{"start":{"line":108,"column":2},"end":{"line":108,"column":80}},"37":{"start":{"line":109,"column":2},"end":{"line":109,"column":72}},"38":{"start":{"line":116,"column":34},"end":{"line":136,"column":2}},"39":{"start":{"line":117,"column":52},"end":{"line":117,"column":60}},"40":{"start":{"line":119,"column":2},"end":{"line":119,"column":102}},"41":{"start":{"line":121,"column":17},"end":{"line":121,"column":82}},"42":{"start":{"line":122,"column":2},"end":{"line":122,"column":25}},"43":{"start":{"line":124,"column":2},"end":{"line":132,"column":4}},"44":{"start":{"line":134,"column":2},"end":{"line":134,"column":74}},"45":{"start":{"line":135,"column":2},"end":{"line":135,"column":85}},"46":{"start":{"line":138,"column":0},"end":{"line":143,"column":2}}},"fnMap":{"0":{"name":"(anonymous_0)","decl":{"start":{"line":29,"column":23},"end":{"line":29,"column":24}},"loc":{"start":{"line":29,"column":83},"end":{"line":35,"column":1}},"line":29},"1":{"name":"(anonymous_1)","decl":{"start":{"line":43,"column":23},"end":{"line":43,"column":24}},"loc":{"start":{"line":43,"column":35},"end":{"line":47,"column":1}},"line":43},"2":{"name":"(anonymous_2)","decl":{"start":{"line":53,"column":32},"end":{"line":53,"column":33}},"loc":{"start":{"line":53,"column":52},"end":{"line":68,"column":1}},"line":53},"3":{"name":"(anonymous_3)","decl":{"start":{"line":74,"column":33},"end":{"line":74,"column":34}},"loc":{"start":{"line":74,"column":53},"end":{"line":89,"column":1}},"line":74},"4":{"name":"(anonymous_4)","decl":{"start":{"line":95,"column":30},"end":{"line":95,"column":31}},"loc":{"start":{"line":95,"column":50},"end":{"line":110,"column":1}},"line":95},"5":{"name":"(anonymous_5)","decl":{"start":{"line":116,"column":47},"end":{"line":116,"column":48}},"loc":{"start":{"line":116,"column":67},"end":{"line":136,"column":1}},"line":116}},"branchMap":{"0":{"loc":{"start":{"line":44,"column":2},"end":{"line":46,"column":3}},"type":"if","locations":[{"start":{"line":44,"column":2},"end":{"line":46,"column":3}},{"start":{},"end":{}}],"line":44},"1":{"loc":{"start":{"line":44,"column":6},"end":{"line":44,"column":43}},"type":"binary-expr","locations":[{"start":{"line":44,"column":6},"end":{"line":44,"column":13}},{"start":{"line":44,"column":17},"end":{"line":44,"column":43}}],"line":44}},"s":{"0":1,"1":1,"2":1,"3":1,"4":1,"5":1,"6":1,"7":1,"8":0,"9":0,"10":0,"11":1,"12":0,"13":0,"14":1,"15":0,"16":0,"17":0,"18":0,"19":0,"20":0,"21":0,"22":1,"23":0,"24":0,"25":0,"26":0,"27":0,"28":0,"29":0,"30":1,"31":0,"32":0,"33":0,"34":0,"35":0,"36":0,"37":0,"38":1,"39":0,"40":0,"41":0,"42":0,"43":0,"44":0,"45":0,"46":1},"f":{"0":0,"1":0,"2":0,"3":0,"4":0,"5":0},"b":{"0":[0,0],"1":[0,0]},"_coverageSchema":"1a1c01bbd47fc00a2c39e90264f33305004495a9","hash":"5b71f330f76808458e528f8aaa09ef46725829b0"}
,"D:\\AlgoVerse\\server\\src\\controllers\\authController.js": {"path":"D:\\AlgoVerse\\server\\src\\controllers\\authController.js","statementMap":{"0":{"start":{"line":6,"column":20},"end":{"line":6,"column":54}},"1":{"start":{"line":7,"column":21},"end":{"line":7,"column":53}},"2":{"start":{"line":8,"column":17},"end":{"line":8,"column":45}},"3":{"start":{"line":9,"column":15},"end":{"line":9,"column":35}},"4":{"start":{"line":10,"column":24},"end":{"line":10,"column":59}},"5":{"start":{"line":11,"column":19},"end":{"line":11,"column":50}},"6":{"start":{"line":12,"column":17},"end":{"line":12,"column":36}},"7":{"start":{"line":13,"column":29},"end":{"line":13,"column":64}},"8":{"start":{"line":14,"column":21},"end":{"line":14,"column":50}},"9":{"start":{"line":25,"column":25},"end":{"line":42,"column":1}},"10":{"start":{"line":26,"column":17},"end":{"line":26,"column":36}},"11":{"start":{"line":28,"column":15},"end":{"line":28,"column":29}},"12":{"start":{"line":29,"column":2},"end":{"line":33,"column":3}},"13":{"start":{"line":30,"column":4},"end":{"line":30,"column":62}},"14":{"start":{"line":31,"column":9},"end":{"line":33,"column":3}},"15":{"start":{"line":32,"column":4},"end":{"line":32,"column":52}},"16":{"start":{"line":35,"column":2},"end":{"line":41,"column":4}},"17":{"start":{"line":50,"column":30},"end":{"line":57,"column":1}},"18":{"start":{"line":51,"column":17},"end":{"line":51,"column":36}},"19":{"start":{"line":52,"column":2},"end":{"line":56,"column":4}},"20":{"start":{"line":62,"column":25},"end":{"line":79,"column":1}},"21":{"start":{"line":63,"column":2},"end":{"line":63,"column":80}},"22":{"start":{"line":64,"column":2},"end":{"line":64,"column":87}},"23":{"start":{"line":66,"column":2},"end":{"line":78,"column":5}},"24":{"start":{"line":89,"column":17},"end":{"line":93,"column":2}},"25":{"start":{"line":90,"column":36},"end":{"line":90,"column":44}},"26":{"start":{"line":91,"column":46},"end":{"line":91,"column":99}},"27":{"start":{"line":92,"column":2},"end":{"line":92,"column":89}},"28":{"start":{"line":99,"column":14},"end":{"line":103,"column":2}},"29":{"start":{"line":100,"column":30},"end":{"line":100,"column":38}},"30":{"start":{"line":101,"column":46},"end":{"line":101,"column":90}},"31":{"start":{"line":102,"column":2},"end":{"line":102,"column":82}},"32":{"start":{"line":109,"column":16},"end":{"line":121,"column":2}},"33":{"start":{"line":110,"column":16},"end":{"line":110,"column":65}},"34":{"start":{"line":111,"column":2},"end":{"line":113,"column":3}},"35":{"start":{"line":112,"column":4},"end":{"line":112,"column":57}},"36":{"start":{"line":115,"column":40},"end":{"line":115,"column":72}},"37":{"start":{"line":117,"column":2},"end":{"line":117,"column":80}},"38":{"start":{"line":118,"column":2},"end":{"line":118,"column":87}},"39":{"start":{"line":120,"column":2},"end":{"line":120,"column":80}},"40":{"start":{"line":127,"column":23},"end":{"line":159,"column":2}},"41":{"start":{"line":128,"column":15},"end":{"line":128,"column":23}},"42":{"start":{"line":131,"column":24},"end":{"line":142,"column":4}},"43":{"start":{"line":143,"column":16},"end":{"line":143,"column":47}},"44":{"start":{"line":143,"column":41},"end":{"line":143,"column":46}},"45":{"start":{"line":144,"column":28},"end":{"line":144,"column":51}},"46":{"start":{"line":146,"column":2},"end":{"line":158,"column":5}},"47":{"start":{"line":165,"column":15},"end":{"line":177,"column":2}},"48":{"start":{"line":166,"column":16},"end":{"line":166,"column":65}},"49":{"start":{"line":167,"column":2},"end":{"line":169,"column":3}},"50":{"start":{"line":168,"column":4},"end":{"line":168,"column":48}},"51":{"start":{"line":172,"column":20},"end":{"line":172,"column":43}},"52":{"start":{"line":173,"column":2},"end":{"line":173,"column":45}},"53":{"start":{"line":174,"column":2},"end":{"line":174,"column":45}},"54":{"start":{"line":176,"column":2},"end":{"line":176,"column":52}},"55":{"start":{"line":183,"column":22},"end":{"line":195,"column":2}},"56":{"start":{"line":184,"column":22},"end":{"line":184,"column":75}},"57":{"start":{"line":185,"column":2},"end":{"line":194,"column":5}},"58":{"start":{"line":201,"column":23},"end":{"line":205,"column":2}},"59":{"start":{"line":202,"column":39},"end":{"line":202,"column":47}},"60":{"start":{"line":203,"column":2},"end":{"line":203,"column":73}},"61":{"start":{"line":204,"column":2},"end":{"line":204,"column":64}},"62":{"start":{"line":207,"column":0},"end":{"line":215,"column":2}}},"fnMap":{"0":{"name":"(anonymous_0)","decl":{"start":{"line":25,"column":25},"end":{"line":25,"column":26}},"loc":{"start":{"line":25,"column":43},"end":{"line":42,"column":1}},"line":25},"1":{"name":"(anonymous_1)","decl":{"start":{"line":50,"column":30},"end":{"line":50,"column":31}},"loc":{"start":{"line":50,"column":36},"end":{"line":57,"column":1}},"line":50},"2":{"name":"(anonymous_2)","decl":{"start":{"line":62,"column":25},"end":{"line":62,"column":26}},"loc":{"start":{"line":62,"column":88},"end":{"line":79,"column":1}},"line":62},"3":{"name":"(anonymous_3)","decl":{"start":{"line":89,"column":30},"end":{"line":89,"column":31}},"loc":{"start":{"line":89,"column":50},"end":{"line":93,"column":1}},"line":89},"4":{"name":"(anonymous_4)","decl":{"start":{"line":99,"column":27},"end":{"line":99,"column":28}},"loc":{"start":{"line":99,"column":47},"end":{"line":103,"column":1}},"line":99},"5":{"name":"(anonymous_5)","decl":{"start":{"line":109,"column":29},"end":{"line":109,"column":30}},"loc":{"start":{"line":109,"column":49},"end":{"line":121,"column":1}},"line":109},"6":{"name":"(anonymous_6)","decl":{"start":{"line":127,"column":36},"end":{"line":127,"column":37}},"loc":{"start":{"line":127,"column":56},"end":{"line":159,"column":1}},"line":127},"7":{"name":"(anonymous_7)","decl":{"start":{"line":143,"column":34},"end":{"line":143,"column":35}},"loc":{"start":{"line":143,"column":41},"end":{"line":143,"column":46}},"line":143},"8":{"name":"(anonymous_8)","decl":{"start":{"line":165,"column":28},"end":{"line":165,"column":29}},"loc":{"start":{"line":165,"column":48},"end":{"line":177,"column":1}},"line":165},"9":{"name":"(anonymous_9)","decl":{"start":{"line":183,"column":35},"end":{"line":183,"column":36}},"loc":{"start":{"line":183,"column":55},"end":{"line":195,"column":1}},"line":183},"10":{"name":"(anonymous_10)","decl":{"start":{"line":201,"column":36},"end":{"line":201,"column":37}},"loc":{"start":{"line":201,"column":56},"end":{"line":205,"column":1}},"line":201}},"branchMap":{"0":{"loc":{"start":{"line":29,"column":2},"end":{"line":33,"column":3}},"type":"if","locations":[{"start":{"line":29,"column":2},"end":{"line":33,"column":3}},{"start":{"line":31,"column":9},"end":{"line":33,"column":3}}],"line":29},"1":{"loc":{"start":{"line":31,"column":9},"end":{"line":33,"column":3}},"type":"if","locations":[{"start":{"line":31,"column":9},"end":{"line":33,"column":3}},{"start":{},"end":{}}],"line":31},"2":{"loc":{"start":{"line":38,"column":14},"end":{"line":38,"column":37}},"type":"cond-expr","locations":[{"start":{"line":38,"column":23},"end":{"line":38,"column":29}},{"start":{"line":38,"column":32},"end":{"line":38,"column":37}}],"line":38},"3":{"loc":{"start":{"line":55,"column":14},"end":{"line":55,"column":37}},"type":"cond-expr","locations":[{"start":{"line":55,"column":23},"end":{"line":55,"column":29}},{"start":{"line":55,"column":32},"end":{"line":55,"column":37}}],"line":55},"4":{"loc":{"start":{"line":110,"column":16},"end":{"line":110,"column":65}},"type":"binary-expr","locations":[{"start":{"line":110,"column":16},"end":{"line":110,"column":40}},{"start":{"line":110,"column":44},"end":{"line":110,"column":65}}],"line":110},"5":{"loc":{"start":{"line":111,"column":2},"end":{"line":113,"column":3}},"type":"if","locations":[{"start":{"line":111,"column":2},"end":{"line":113,"column":3}},{"start":{},"end":{}}],"line":111},"6":{"loc":{"start":{"line":166,"column":16},"end":{"line":166,"column":65}},"type":"binary-expr","locations":[{"start":{"line":166,"column":16},"end":{"line":166,"column":40}},{"start":{"line":166,"column":44},"end":{"line":166,"column":65}}],"line":166},"7":{"loc":{"start":{"line":167,"column":2},"end":{"line":169,"column":3}},"type":"if","locations":[{"start":{"line":167,"column":2},"end":{"line":169,"column":3}},{"start":{},"end":{}}],"line":167},"8":{"loc":{"start":{"line":167,"column":6},"end":{"line":167,"column":25}},"type":"binary-expr","locations":[{"start":{"line":167,"column":6},"end":{"line":167,"column":11}},{"start":{"line":167,"column":15},"end":{"line":167,"column":25}}],"line":167}},"s":{"0":1,"1":1,"2":1,"3":1,"4":1,"5":1,"6":1,"7":1,"8":1,"9":1,"10":6,"11":6,"12":6,"13":3,"14":3,"15":3,"16":6,"17":1,"18":0,"19":0,"20":1,"21":3,"22":3,"23":3,"24":1,"25":3,"26":3,"27":3,"28":1,"29":0,"30":0,"31":0,"32":1,"33":0,"34":0,"35":0,"36":0,"37":0,"38":0,"39":0,"40":1,"41":0,"42":0,"43":0,"44":0,"45":0,"46":0,"47":1,"48":0,"49":0,"50":0,"51":0,"52":0,"53":0,"54":0,"55":1,"56":0,"57":0,"58":1,"59":0,"60":0,"61":0,"62":1},"f":{"0":6,"1":0,"2":3,"3":3,"4":0,"5":0,"6":0,"7":0,"8":0,"9":0,"10":0},"b":{"0":[3,3],"1":[3,0],"2":[0,6],"3":[0,0],"4":[0,0],"5":[0,0],"6":[0,0],"7":[0,0],"8":[0,0]},"_coverageSchema":"1a1c01bbd47fc00a2c39e90264f33305004495a9","hash":"8822b707af7fd8aa27b8f9c2ad83dcce4e1a1935"}
,"D:\\AlgoVerse\\server\\src\\controllers\\codeController.js": {"path":"D:\\AlgoVerse\\server\\src\\controllers\\codeController.js","statementMap":{"0":{"start":{"line":7,"column":23},"end":{"line":7,"column":60}},"1":{"start":{"line":8,"column":23},"end":{"line":8,"column":60}},"2":{"start":{"line":9,"column":23},"end":{"line":9,"column":55}},"3":{"start":{"line":10,"column":35},"end":{"line":10,"column":70}},"4":{"start":{"line":20,"column":16},"end":{"line":44,"column":2}},"5":{"start":{"line":21,"column":47},"end":{"line":21,"column":55}},"6":{"start":{"line":23,"column":21},"end":{"line":23,"column":25}},"7":{"start":{"line":25,"column":2},"end":{"line":30,"column":3}},"8":{"start":{"line":26,"column":27},"end":{"line":26,"column":82}},"9":{"start":{"line":27,"column":4},"end":{"line":29,"column":5}},"10":{"start":{"line":28,"column":6},"end":{"line":28,"column":67}},"11":{"start":{"line":32,"column":17},"end":{"line":32,"column":89}},"12":{"start":{"line":34,"column":2},"end":{"line":36,"column":3}},"13":{"start":{"line":35,"column":4},"end":{"line":35,"column":85}},"14":{"start":{"line":38,"column":2},"end":{"line":43,"column":5}},"15":{"start":{"line":46,"column":0},"end":{"line":46,"column":29}}},"fnMap":{"0":{"name":"(anonymous_0)","decl":{"start":{"line":20,"column":29},"end":{"line":20,"column":30}},"loc":{"start":{"line":20,"column":49},"end":{"line":44,"column":1}},"line":20}},"branchMap":{"0":{"loc":{"start":{"line":25,"column":2},"end":{"line":30,"column":3}},"type":"if","locations":[{"start":{"line":25,"column":2},"end":{"line":30,"column":3}},{"start":{},"end":{}}],"line":25},"1":{"loc":{"start":{"line":27,"column":4},"end":{"line":29,"column":5}},"type":"if","locations":[{"start":{"line":27,"column":4},"end":{"line":29,"column":5}},{"start":{},"end":{}}],"line":27},"2":{"loc":{"start":{"line":34,"column":2},"end":{"line":36,"column":3}},"type":"if","locations":[{"start":{"line":34,"column":2},"end":{"line":36,"column":3}},{"start":{},"end":{}}],"line":34},"3":{"loc":{"start":{"line":35,"column":45},"end":{"line":35,"column":83}},"type":"cond-expr","locations":[{"start":{"line":35,"column":61},"end":{"line":35,"column":76}},{"start":{"line":35,"column":79},"end":{"line":35,"column":83}}],"line":35}},"s":{"0":1,"1":1,"2":1,"3":1,"4":1,"5":0,"6":0,"7":0,"8":0,"9":0,"10":0,"11":0,"12":0,"13":0,"14":0,"15":1},"f":{"0":0},"b":{"0":[0,0],"1":[0,0],"2":[0,0],"3":[0,0]},"_coverageSchema":"1a1c01bbd47fc00a2c39e90264f33305004495a9","hash":"968abef290ef392657dfcb9a877244a521f67575"}
,"D:\\AlgoVerse\\server\\src\\controllers\\dashboardController.js": {"path":"D:\\AlgoVerse\\server\\src\\controllers\\dashboardController.js","statementMap":{"0":{"start":{"line":6,"column":25},"end":{"line":6,"column":64}},"1":{"start":{"line":7,"column":21},"end":{"line":7,"column":53}},"2":{"start":{"line":8,"column":24},"end":{"line":8,"column":59}},"3":{"start":{"line":14,"column":28},"end":{"line":17,"column":2}},"4":{"start":{"line":15,"column":15},"end":{"line":15,"column":60}},"5":{"start":{"line":16,"column":2},"end":{"line":16,"column":81}},"6":{"start":{"line":23,"column":31},"end":{"line":26,"column":2}},"7":{"start":{"line":24,"column":15},"end":{"line":24,"column":72}},"8":{"start":{"line":25,"column":2},"end":{"line":25,"column":84}},"9":{"start":{"line":32,"column":29},"end":{"line":35,"column":2}},"10":{"start":{"line":33,"column":15},"end":{"line":33,"column":70}},"11":{"start":{"line":34,"column":2},"end":{"line":34,"column":82}},"12":{"start":{"line":41,"column":31},"end":{"line":44,"column":2}},"13":{"start":{"line":42,"column":15},"end":{"line":42,"column":72}},"14":{"start":{"line":43,"column":2},"end":{"line":43,"column":84}},"15":{"start":{"line":50,"column":27},"end":{"line":53,"column":2}},"16":{"start":{"line":51,"column":15},"end":{"line":51,"column":68}},"17":{"start":{"line":52,"column":2},"end":{"line":52,"column":80}},"18":{"start":{"line":55,"column":0},"end":{"line":61,"column":2}}},"fnMap":{"0":{"name":"(anonymous_0)","decl":{"start":{"line":14,"column":41},"end":{"line":14,"column":42}},"loc":{"start":{"line":14,"column":61},"end":{"line":17,"column":1}},"line":14},"1":{"name":"(anonymous_1)","decl":{"start":{"line":23,"column":44},"end":{"line":23,"column":45}},"loc":{"start":{"line":23,"column":64},"end":{"line":26,"column":1}},"line":23},"2":{"name":"(anonymous_2)","decl":{"start":{"line":32,"column":42},"end":{"line":32,"column":43}},"loc":{"start":{"line":32,"column":62},"end":{"line":35,"column":1}},"line":32},"3":{"name":"(anonymous_3)","decl":{"start":{"line":41,"column":44},"end":{"line":41,"column":45}},"loc":{"start":{"line":41,"column":64},"end":{"line":44,"column":1}},"line":41},"4":{"name":"(anonymous_4)","decl":{"start":{"line":50,"column":40},"end":{"line":50,"column":41}},"loc":{"start":{"line":50,"column":60},"end":{"line":53,"column":1}},"line":50}},"branchMap":{},"s":{"0":1,"1":1,"2":1,"3":1,"4":0,"5":0,"6":1,"7":0,"8":0,"9":1,"10":0,"11":0,"12":1,"13":0,"14":0,"15":1,"16":0,"17":0,"18":1},"f":{"0":0,"1":0,"2":0,"3":0,"4":0},"b":{},"_coverageSchema":"1a1c01bbd47fc00a2c39e90264f33305004495a9","hash":"be917841a7e0b435c81eadb260de0e07560d76cd"}
,"D:\\AlgoVerse\\server\\src\\controllers\\problemController.js": {"path":"D:\\AlgoVerse\\server\\src\\controllers\\problemController.js","statementMap":{"0":{"start":{"line":1,"column":23},"end":{"line":1,"column":60}},"1":{"start":{"line":2,"column":21},"end":{"line":2,"column":53}},"2":{"start":{"line":3,"column":24},"end":{"line":3,"column":59}},"3":{"start":{"line":8,"column":22},"end":{"line":11,"column":2}},"4":{"start":{"line":9,"column":18},"end":{"line":9,"column":74}},"5":{"start":{"line":10,"column":2},"end":{"line":10,"column":72}},"6":{"start":{"line":16,"column":27},"end":{"line":23,"column":2}},"7":{"start":{"line":17,"column":2},"end":{"line":19,"column":3}},"8":{"start":{"line":18,"column":4},"end":{"line":18,"column":116}},"9":{"start":{"line":21,"column":19},"end":{"line":21,"column":80}},"10":{"start":{"line":22,"column":2},"end":{"line":22,"column":131}},"11":{"start":{"line":28,"column":20},"end":{"line":50,"column":2}},"12":{"start":{"line":29,"column":51},"end":{"line":29,"column":60}},"13":{"start":{"line":30,"column":17},"end":{"line":37,"column":4}},"14":{"start":{"line":39,"column":2},"end":{"line":49,"column":5}},"15":{"start":{"line":55,"column":23},"end":{"line":61,"column":2}},"16":{"start":{"line":56,"column":17},"end":{"line":56,"column":27}},"17":{"start":{"line":57,"column":18},"end":{"line":57,"column":55}},"18":{"start":{"line":58,"column":18},"end":{"line":58,"column":66}},"19":{"start":{"line":60,"column":2},"end":{"line":60,"column":74}},"20":{"start":{"line":66,"column":22},"end":{"line":71,"column":2}},"21":{"start":{"line":67,"column":17},"end":{"line":67,"column":27}},"22":{"start":{"line":68,"column":18},"end":{"line":68,"column":66}},"23":{"start":{"line":70,"column":2},"end":{"line":70,"column":72}},"24":{"start":{"line":76,"column":22},"end":{"line":81,"column":2}},"25":{"start":{"line":77,"column":17},"end":{"line":77,"column":27}},"26":{"start":{"line":78,"column":2},"end":{"line":78,"column":41}},"27":{"start":{"line":80,"column":2},"end":{"line":80,"column":63}},"28":{"start":{"line":83,"column":0},"end":{"line":90,"column":2}}},"fnMap":{"0":{"name":"(anonymous_0)","decl":{"start":{"line":8,"column":35},"end":{"line":8,"column":36}},"loc":{"start":{"line":8,"column":55},"end":{"line":11,"column":1}},"line":8},"1":{"name":"(anonymous_1)","decl":{"start":{"line":16,"column":40},"end":{"line":16,"column":41}},"loc":{"start":{"line":16,"column":60},"end":{"line":23,"column":1}},"line":16},"2":{"name":"(anonymous_2)","decl":{"start":{"line":28,"column":33},"end":{"line":28,"column":34}},"loc":{"start":{"line":28,"column":53},"end":{"line":50,"column":1}},"line":28},"3":{"name":"(anonymous_3)","decl":{"start":{"line":55,"column":36},"end":{"line":55,"column":37}},"loc":{"start":{"line":55,"column":56},"end":{"line":61,"column":1}},"line":55},"4":{"name":"(anonymous_4)","decl":{"start":{"line":66,"column":35},"end":{"line":66,"column":36}},"loc":{"start":{"line":66,"column":55},"end":{"line":71,"column":1}},"line":66},"5":{"name":"(anonymous_5)","decl":{"start":{"line":76,"column":35},"end":{"line":76,"column":36}},"loc":{"start":{"line":76,"column":55},"end":{"line":81,"column":1}},"line":76}},"branchMap":{"0":{"loc":{"start":{"line":17,"column":2},"end":{"line":19,"column":3}},"type":"if","locations":[{"start":{"line":17,"column":2},"end":{"line":19,"column":3}},{"start":{},"end":{}}],"line":17},"1":{"loc":{"start":{"line":17,"column":6},"end":{"line":17,"column":55}},"type":"binary-expr","locations":[{"start":{"line":17,"column":6},"end":{"line":17,"column":30}},{"start":{"line":17,"column":34},"end":{"line":17,"column":55}}],"line":17},"2":{"loc":{"start":{"line":57,"column":18},"end":{"line":57,"column":55}},"type":"binary-expr","locations":[{"start":{"line":57,"column":18},"end":{"line":57,"column":26}},{"start":{"line":57,"column":30},"end":{"line":57,"column":55}}],"line":57}},"s":{"0":1,"1":1,"2":1,"3":1,"4":1,"5":1,"6":1,"7":0,"8":0,"9":0,"10":0,"11":1,"12":0,"13":0,"14":0,"15":1,"16":0,"17":0,"18":0,"19":0,"20":1,"21":0,"22":0,"23":0,"24":1,"25":0,"26":0,"27":0,"28":1},"f":{"0":1,"1":0,"2":0,"3":0,"4":0,"5":0},"b":{"0":[0,0],"1":[0,0],"2":[0,0]},"_coverageSchema":"1a1c01bbd47fc00a2c39e90264f33305004495a9","hash":"f3da671002bb5d3abda344ed13908ac4047dbe19"}
,"D:\\AlgoVerse\\server\\src\\controllers\\statsController.js": {"path":"D:\\AlgoVerse\\server\\src\\controllers\\statsController.js","statementMap":{"0":{"start":{"line":7,"column":19},"end":{"line":7,"column":47}},"1":{"start":{"line":8,"column":19},"end":{"line":8,"column":44}},"2":{"start":{"line":9,"column":19},"end":{"line":9,"column":50}},"3":{"start":{"line":10,"column":19},"end":{"line":10,"column":45}},"4":{"start":{"line":13,"column":12},"end":{"line":13,"column":16}},"5":{"start":{"line":14,"column":14},"end":{"line":14,"column":15}},"6":{"start":{"line":15,"column":18},"end":{"line":15,"column":31}},"7":{"start":{"line":17,"column":25},"end":{"line":33,"column":1}},"8":{"start":{"line":18,"column":14},"end":{"line":18,"column":24}},"9":{"start":{"line":19,"column":2},"end":{"line":21,"column":3}},"10":{"start":{"line":20,"column":4},"end":{"line":20,"column":64}},"11":{"start":{"line":23,"column":56},"end":{"line":27,"column":4}},"12":{"start":{"line":29,"column":2},"end":{"line":29,"column":59}},"13":{"start":{"line":30,"column":2},"end":{"line":30,"column":16}},"14":{"start":{"line":32,"column":2},"end":{"line":32,"column":62}},"15":{"start":{"line":39,"column":23},"end":{"line":60,"column":1}},"16":{"start":{"line":40,"column":19},"end":{"line":40,"column":38}},"17":{"start":{"line":41,"column":2},"end":{"line":59,"column":3}},"18":{"start":{"line":42,"column":19},"end":{"line":42,"column":44}},"19":{"start":{"line":43,"column":4},"end":{"line":45,"column":5}},"20":{"start":{"line":44,"column":6},"end":{"line":44,"column":79}},"21":{"start":{"line":47,"column":21},"end":{"line":51,"column":13}},"22":{"start":{"line":53,"column":4},"end":{"line":53,"column":67}},"23":{"start":{"line":55,"column":4},"end":{"line":55,"column":67}},"24":{"start":{"line":57,"column":4},"end":{"line":57,"column":53}},"25":{"start":{"line":58,"column":4},"end":{"line":58,"column":92}},"26":{"start":{"line":62,"column":0},"end":{"line":62,"column":54}}},"fnMap":{"0":{"name":"(anonymous_0)","decl":{"start":{"line":17,"column":25},"end":{"line":17,"column":26}},"loc":{"start":{"line":17,"column":45},"end":{"line":33,"column":1}},"line":17},"1":{"name":"(anonymous_1)","decl":{"start":{"line":39,"column":23},"end":{"line":39,"column":24}},"loc":{"start":{"line":39,"column":43},"end":{"line":60,"column":1}},"line":39}},"branchMap":{"0":{"loc":{"start":{"line":19,"column":2},"end":{"line":21,"column":3}},"type":"if","locations":[{"start":{"line":19,"column":2},"end":{"line":21,"column":3}},{"start":{},"end":{}}],"line":19},"1":{"loc":{"start":{"line":19,"column":6},"end":{"line":19,"column":40}},"type":"binary-expr","locations":[{"start":{"line":19,"column":6},"end":{"line":19,"column":11}},{"start":{"line":19,"column":15},"end":{"line":19,"column":40}}],"line":19},"2":{"loc":{"start":{"line":43,"column":4},"end":{"line":45,"column":5}},"type":"if","locations":[{"start":{"line":43,"column":4},"end":{"line":45,"column":5}},{"start":{},"end":{}}],"line":43}},"s":{"0":1,"1":1,"2":1,"3":1,"4":1,"5":1,"6":1,"7":1,"8":0,"9":0,"10":0,"11":0,"12":0,"13":0,"14":0,"15":1,"16":0,"17":0,"18":0,"19":0,"20":0,"21":0,"22":0,"23":0,"24":0,"25":0,"26":1},"f":{"0":0,"1":0},"b":{"0":[0,0],"1":[0,0],"2":[0,0]},"_coverageSchema":"1a1c01bbd47fc00a2c39e90264f33305004495a9","hash":"915acd6192a3cd8e2fd821072360545ef351e892"}
,"D:\\AlgoVerse\\server\\src\\controllers\\submissionController.js": {"path":"D:\\AlgoVerse\\server\\src\\controllers\\submissionController.js","statementMap":{"0":{"start":{"line":1,"column":26},"end":{"line":1,"column":66}},"1":{"start":{"line":2,"column":21},"end":{"line":2,"column":53}},"2":{"start":{"line":3,"column":24},"end":{"line":3,"column":59}},"3":{"start":{"line":4,"column":24},"end":{"line":4,"column":61}},"4":{"start":{"line":5,"column":14},"end":{"line":5,"column":40}},"5":{"start":{"line":6,"column":16},"end":{"line":6,"column":44}},"6":{"start":{"line":7,"column":17},"end":{"line":7,"column":45}},"7":{"start":{"line":10,"column":23},"end":{"line":10,"column":32}},"8":{"start":{"line":17,"column":19},"end":{"line":38,"column":2}},"9":{"start":{"line":18,"column":40},"end":{"line":18,"column":48}},"10":{"start":{"line":19,"column":17},"end":{"line":19,"column":27}},"11":{"start":{"line":22,"column":18},"end":{"line":22,"column":88}},"12":{"start":{"line":23,"column":2},"end":{"line":25,"column":3}},"13":{"start":{"line":24,"column":4},"end":{"line":24,"column":49}},"14":{"start":{"line":26,"column":2},"end":{"line":28,"column":3}},"15":{"start":{"line":27,"column":4},"end":{"line":27,"column":75}},"16":{"start":{"line":30,"column":14},"end":{"line":35,"column":4}},"17":{"start":{"line":37,"column":2},"end":{"line":37,"column":86}},"18":{"start":{"line":50,"column":31},"end":{"line":94,"column":1}},"19":{"start":{"line":51,"column":20},"end":{"line":51,"column":30}},"20":{"start":{"line":53,"column":2},"end":{"line":53,"column":54}},"21":{"start":{"line":54,"column":2},"end":{"line":54,"column":45}},"22":{"start":{"line":55,"column":2},"end":{"line":55,"column":47}},"23":{"start":{"line":56,"column":2},"end":{"line":56,"column":21}},"24":{"start":{"line":58,"column":2},"end":{"line":58,"column":68}},"25":{"start":{"line":61,"column":21},"end":{"line":61,"column":38}},"26":{"start":{"line":62,"column":2},"end":{"line":62,"column":89}},"27":{"start":{"line":62,"column":34},"end":{"line":62,"column":87}},"28":{"start":{"line":63,"column":2},"end":{"line":65,"column":5}},"29":{"start":{"line":64,"column":4},"end":{"line":64,"column":51}},"30":{"start":{"line":69,"column":18},"end":{"line":73,"column":3}},"31":{"start":{"line":70,"column":4},"end":{"line":70,"column":32}},"32":{"start":{"line":71,"column":4},"end":{"line":71,"column":93}},"33":{"start":{"line":71,"column":43},"end":{"line":71,"column":91}},"34":{"start":{"line":72,"column":4},"end":{"line":72,"column":77}},"35":{"start":{"line":72,"column":35},"end":{"line":72,"column":75}},"36":{"start":{"line":75,"column":25},"end":{"line":81,"column":3}},"37":{"start":{"line":76,"column":4},"end":{"line":80,"column":5}},"38":{"start":{"line":77,"column":6},"end":{"line":77,"column":40}},"39":{"start":{"line":78,"column":6},"end":{"line":78,"column":16}},"40":{"start":{"line":79,"column":6},"end":{"line":79,"column":16}},"41":{"start":{"line":83,"column":2},"end":{"line":83,"column":44}},"42":{"start":{"line":86,"column":2},"end":{"line":90,"column":21}},"43":{"start":{"line":87,"column":4},"end":{"line":87,"column":101}},"44":{"start":{"line":88,"column":4},"end":{"line":88,"column":14}},"45":{"start":{"line":89,"column":4},"end":{"line":89,"column":14}},"46":{"start":{"line":93,"column":2},"end":{"line":93,"column":27}},"47":{"start":{"line":101,"column":27},"end":{"line":108,"column":2}},"48":{"start":{"line":102,"column":17},"end":{"line":102,"column":27}},"49":{"start":{"line":103,"column":35},"end":{"line":103,"column":44}},"50":{"start":{"line":105,"column":17},"end":{"line":105,"column":80}},"51":{"start":{"line":107,"column":2},"end":{"line":107,"column":108}},"52":{"start":{"line":115,"column":26},"end":{"line":122,"column":2}},"53":{"start":{"line":116,"column":19},"end":{"line":116,"column":29}},"54":{"start":{"line":117,"column":19},"end":{"line":117,"column":29}},"55":{"start":{"line":119,"column":17},"end":{"line":119,"column":70}},"56":{"start":{"line":121,"column":2},"end":{"line":121,"column":81}},"57":{"start":{"line":124,"column":0},"end":{"line":129,"column":2}}},"fnMap":{"0":{"name":"(anonymous_0)","decl":{"start":{"line":17,"column":32},"end":{"line":17,"column":33}},"loc":{"start":{"line":17,"column":52},"end":{"line":38,"column":1}},"line":17},"1":{"name":"(anonymous_1)","decl":{"start":{"line":50,"column":31},"end":{"line":50,"column":32}},"loc":{"start":{"line":50,"column":45},"end":{"line":94,"column":1}},"line":50},"2":{"name":"(anonymous_2)","decl":{"start":{"line":62,"column":25},"end":{"line":62,"column":26}},"loc":{"start":{"line":62,"column":34},"end":{"line":62,"column":87}},"line":62},"3":{"name":"(anonymous_3)","decl":{"start":{"line":63,"column":77},"end":{"line":63,"column":78}},"loc":{"start":{"line":63,"column":84},"end":{"line":65,"column":3}},"line":63},"4":{"name":"(anonymous_4)","decl":{"start":{"line":69,"column":18},"end":{"line":69,"column":19}},"loc":{"start":{"line":69,"column":24},"end":{"line":73,"column":3}},"line":69},"5":{"name":"(anonymous_5)","decl":{"start":{"line":71,"column":36},"end":{"line":71,"column":37}},"loc":{"start":{"line":71,"column":43},"end":{"line":71,"column":91}},"line":71},"6":{"name":"(anonymous_6)","decl":{"start":{"line":72,"column":28},"end":{"line":72,"column":29}},"loc":{"start":{"line":72,"column":35},"end":{"line":72,"column":75}},"line":72},"7":{"name":"(anonymous_7)","decl":{"start":{"line":75,"column":25},"end":{"line":75,"column":26}},"loc":{"start":{"line":75,"column":56},"end":{"line":81,"column":3}},"line":75},"8":{"name":"(anonymous_8)","decl":{"start":{"line":86,"column":29},"end":{"line":86,"column":30}},"loc":{"start":{"line":86,"column":35},"end":{"line":90,"column":3}},"line":86},"9":{"name":"(anonymous_9)","decl":{"start":{"line":101,"column":40},"end":{"line":101,"column":41}},"loc":{"start":{"line":101,"column":60},"end":{"line":108,"column":1}},"line":101},"10":{"name":"(anonymous_10)","decl":{"start":{"line":115,"column":39},"end":{"line":115,"column":40}},"loc":{"start":{"line":115,"column":59},"end":{"line":122,"column":1}},"line":115}},"branchMap":{"0":{"loc":{"start":{"line":23,"column":2},"end":{"line":25,"column":3}},"type":"if","locations":[{"start":{"line":23,"column":2},"end":{"line":25,"column":3}},{"start":{},"end":{}}],"line":23},"1":{"loc":{"start":{"line":26,"column":2},"end":{"line":28,"column":3}},"type":"if","locations":[{"start":{"line":26,"column":2},"end":{"line":28,"column":3}},{"start":{},"end":{}}],"line":26},"2":{"loc":{"start":{"line":26,"column":6},"end":{"line":26,"column":70}},"type":"binary-expr","locations":[{"start":{"line":26,"column":6},"end":{"line":26,"column":30}},{"start":{"line":26,"column":34},"end":{"line":26,"column":70}}],"line":26},"3":{"loc":{"start":{"line":76,"column":4},"end":{"line":80,"column":5}},"type":"if","locations":[{"start":{"line":76,"column":4},"end":{"line":80,"column":5}},{"start":{},"end":{}}],"line":76},"4":{"loc":{"start":{"line":76,"column":8},"end":{"line":76,"column":79}},"type":"binary-expr","locations":[{"start":{"line":76,"column":8},"end":{"line":76,"column":43}},{"start":{"line":76,"column":47},"end":{"line":76,"column":79}}],"line":76},"5":{"loc":{"start":{"line":103,"column":10},"end":{"line":103,"column":18}},"type":"default-arg","locations":[{"start":{"line":103,"column":17},"end":{"line":103,"column":18}}],"line":103},"6":{"loc":{"start":{"line":103,"column":20},"end":{"line":103,"column":30}},"type":"default-arg","locations":[{"start":{"line":103,"column":28},"end":{"line":103,"column":30}}],"line":103}},"s":{"0":1,"1":1,"2":1,"3":1,"4":1,"5":1,"6":1,"7":1,"8":1,"9":6,"10":6,"11":6,"12":6,"13":1,"14":5,"15":0,"16":5,"17":5,"18":1,"19":0,"20":0,"21":0,"22":0,"23":0,"24":0,"25":0,"26":0,"27":0,"28":0,"29":0,"30":0,"31":0,"32":0,"33":0,"34":0,"35":0,"36":0,"37":0,"38":0,"39":0,"40":0,"41":0,"42":0,"43":0,"44":0,"45":0,"46":0,"47":1,"48":2,"49":2,"50":2,"51":2,"52":1,"53":3,"54":3,"55":3,"56":1,"57":1},"f":{"0":6,"1":0,"2":0,"3":0,"4":0,"5":0,"6":0,"7":0,"8":0,"9":2,"10":3},"b":{"0":[1,5],"1":[0,5],"2":[5,5],"3":[0,0],"4":[0,0],"5":[2],"6":[1]},"_coverageSchema":"1a1c01bbd47fc00a2c39e90264f33305004495a9","hash":"41a179348ae6420b780834886fd1692fab13bf5a"}
,"D:\\AlgoVerse\\server\\src\\middleware\\adminMiddleware.js": {"path":"D:\\AlgoVerse\\server\\src\\middleware\\adminMiddleware.js","statementMap":{"0":{"start":{"line":6,"column":17},"end":{"line":6,"column":45}},"1":{"start":{"line":17,"column":18},"end":{"line":29,"column":1}},"2":{"start":{"line":18,"column":2},"end":{"line":28,"column":4}},"3":{"start":{"line":19,"column":4},"end":{"line":21,"column":5}},"4":{"start":{"line":20,"column":6},"end":{"line":20,"column":59}},"5":{"start":{"line":23,"column":4},"end":{"line":25,"column":5}},"6":{"start":{"line":24,"column":6},"end":{"line":24,"column":87}},"7":{"start":{"line":27,"column":4},"end":{"line":27,"column":11}},"8":{"start":{"line":34,"column":18},"end":{"line":34,"column":36}},"9":{"start":{"line":36,"column":0},"end":{"line":36,"column":42}}},"fnMap":{"0":{"name":"(anonymous_0)","decl":{"start":{"line":17,"column":18},"end":{"line":17,"column":19}},"loc":{"start":{"line":17,"column":46},"end":{"line":29,"column":1}},"line":17},"1":{"name":"(anonymous_1)","decl":{"start":{"line":18,"column":9},"end":{"line":18,"column":10}},"loc":{"start":{"line":18,"column":29},"end":{"line":28,"column":3}},"line":18}},"branchMap":{"0":{"loc":{"start":{"line":17,"column":19},"end":{"line":17,"column":41}},"type":"default-arg","locations":[{"start":{"line":17,"column":34},"end":{"line":17,"column":41}}],"line":17},"1":{"loc":{"start":{"line":19,"column":4},"end":{"line":21,"column":5}},"type":"if","locations":[{"start":{"line":19,"column":4},"end":{"line":21,"column":5}},{"start":{},"end":{}}],"line":19},"2":{"loc":{"start":{"line":23,"column":4},"end":{"line":25,"column":5}},"type":"if","locations":[{"start":{"line":23,"column":4},"end":{"line":25,"column":5}},{"start":{},"end":{}}],"line":23}},"s":{"0":1,"1":1,"2":1,"3":1,"4":0,"5":1,"6":0,"7":1,"8":1,"9":1},"f":{"0":1,"1":1},"b":{"0":[0],"1":[0,1],"2":[0,1]},"_coverageSchema":"1a1c01bbd47fc00a2c39e90264f33305004495a9","hash":"398c8c9cbc3f33219e006c0e5290e808e946ef64"}
,"D:\\AlgoVerse\\server\\src\\middleware\\authMiddleware.js": {"path":"D:\\AlgoVerse\\server\\src\\middleware\\authMiddleware.js","statementMap":{"0":{"start":{"line":6,"column":30},"end":{"line":6,"column":63}},"1":{"start":{"line":7,"column":17},"end":{"line":7,"column":45}},"2":{"start":{"line":8,"column":13},"end":{"line":8,"column":38}},"3":{"start":{"line":15,"column":21},"end":{"line":28,"column":1}},"4":{"start":{"line":16,"column":21},"end":{"line":16,"column":46}},"5":{"start":{"line":17,"column":2},"end":{"line":19,"column":3}},"6":{"start":{"line":18,"column":4},"end":{"line":18,"column":36}},"7":{"start":{"line":20,"column":2},"end":{"line":22,"column":3}},"8":{"start":{"line":21,"column":4},"end":{"line":21,"column":35}},"9":{"start":{"line":24,"column":2},"end":{"line":26,"column":3}},"10":{"start":{"line":25,"column":4},"end":{"line":25,"column":27}},"11":{"start":{"line":27,"column":2},"end":{"line":27,"column":14}},"12":{"start":{"line":34,"column":21},"end":{"line":70,"column":1}},"13":{"start":{"line":35,"column":2},"end":{"line":69,"column":3}},"14":{"start":{"line":36,"column":18},"end":{"line":36,"column":35}},"15":{"start":{"line":38,"column":4},"end":{"line":40,"column":5}},"16":{"start":{"line":39,"column":6},"end":{"line":39,"column":71}},"17":{"start":{"line":43,"column":4},"end":{"line":50,"column":5}},"18":{"start":{"line":44,"column":6},"end":{"line":44,"column":41}},"19":{"start":{"line":46,"column":6},"end":{"line":48,"column":7}},"20":{"start":{"line":47,"column":8},"end":{"line":47,"column":82}},"21":{"start":{"line":49,"column":6},"end":{"line":49,"column":47}},"22":{"start":{"line":53,"column":17},"end":{"line":53,"column":96}},"23":{"start":{"line":55,"column":4},"end":{"line":57,"column":5}},"24":{"start":{"line":56,"column":6},"end":{"line":56,"column":48}},"25":{"start":{"line":59,"column":4},"end":{"line":61,"column":5}},"26":{"start":{"line":60,"column":6},"end":{"line":60,"column":61}},"27":{"start":{"line":63,"column":4},"end":{"line":63,"column":22}},"28":{"start":{"line":64,"column":4},"end":{"line":64,"column":28}},"29":{"start":{"line":66,"column":4},"end":{"line":66,"column":11}},"30":{"start":{"line":68,"column":4},"end":{"line":68,"column":16}},"31":{"start":{"line":76,"column":21},"end":{"line":100,"column":1}},"32":{"start":{"line":77,"column":2},"end":{"line":99,"column":3}},"33":{"start":{"line":78,"column":18},"end":{"line":78,"column":35}},"34":{"start":{"line":80,"column":4},"end":{"line":82,"column":5}},"35":{"start":{"line":81,"column":6},"end":{"line":81,"column":20}},"36":{"start":{"line":84,"column":4},"end":{"line":94,"column":5}},"37":{"start":{"line":85,"column":22},"end":{"line":85,"column":46}},"38":{"start":{"line":86,"column":19},"end":{"line":86,"column":98}},"39":{"start":{"line":88,"column":6},"end":{"line":91,"column":7}},"40":{"start":{"line":89,"column":8},"end":{"line":89,"column":26}},"41":{"start":{"line":90,"column":8},"end":{"line":90,"column":32}},"42":{"start":{"line":96,"column":4},"end":{"line":96,"column":11}},"43":{"start":{"line":98,"column":4},"end":{"line":98,"column":16}},"44":{"start":{"line":102,"column":0},"end":{"line":102,"column":48}}},"fnMap":{"0":{"name":"(anonymous_0)","decl":{"start":{"line":15,"column":21},"end":{"line":15,"column":22}},"loc":{"start":{"line":15,"column":30},"end":{"line":28,"column":1}},"line":15},"1":{"name":"(anonymous_1)","decl":{"start":{"line":34,"column":21},"end":{"line":34,"column":22}},"loc":{"start":{"line":34,"column":47},"end":{"line":70,"column":1}},"line":34},"2":{"name":"(anonymous_2)","decl":{"start":{"line":76,"column":21},"end":{"line":76,"column":22}},"loc":{"start":{"line":76,"column":47},"end":{"line":100,"column":1}},"line":76}},"branchMap":{"0":{"loc":{"start":{"line":17,"column":2},"end":{"line":19,"column":3}},"type":"if","locations":[{"start":{"line":17,"column":2},"end":{"line":19,"column":3}},{"start":{},"end":{}}],"line":17},"1":{"loc":{"start":{"line":17,"column":6},"end":{"line":17,"column":52}},"type":"binary-expr","locations":[{"start":{"line":17,"column":6},"end":{"line":17,"column":16}},{"start":{"line":17,"column":20},"end":{"line":17,"column":52}}],"line":17},"2":{"loc":{"start":{"line":20,"column":2},"end":{"line":22,"column":3}},"type":"if","locations":[{"start":{"line":20,"column":2},"end":{"line":22,"column":3}},{"start":{},"end":{}}],"line":20},"3":{"loc":{"start":{"line":20,"column":6},"end":{"line":20,"column":44}},"type":"binary-expr","locations":[{"start":{"line":20,"column":6},"end":{"line":20,"column":17}},{"start":{"line":20,"column":21},"end":{"line":20,"column":44}}],"line":20},"4":{"loc":{"start":{"line":24,"column":2},"end":{"line":26,"column":3}},"type":"if","locations":[{"start":{"line":24,"column":2},"end":{"line":26,"column":3}},{"start":{},"end":{}}],"line":24},"5":{"loc":{"start":{"line":24,"column":6},"end":{"line":24,"column":34}},"type":"binary-expr","locations":[{"start":{"line":24,"column":6},"end":{"line":24,"column":15}},{"start":{"line":24,"column":19},"end":{"line":24,"column":34}}],"line":24},"6":{"loc":{"start":{"line":38,"column":4},"end":{"line":40,"column":5}},"type":"if","locations":[{"start":{"line":38,"column":4},"end":{"line":40,"column":5}},{"start":{},"end":{}}],"line":38},"7":{"loc":{"start":{"line":46,"column":6},"end":{"line":48,"column":7}},"type":"if","locations":[{"start":{"line":46,"column":6},"end":{"line":48,"column":7}},{"start":{},"end":{}}],"line":46},"8":{"loc":{"start":{"line":55,"column":4},"end":{"line":57,"column":5}},"type":"if","locations":[{"start":{"line":55,"column":4},"end":{"line":57,"column":5}},{"start":{},"end":{}}],"line":55},"9":{"loc":{"start":{"line":59,"column":4},"end":{"line":61,"column":5}},"type":"if","locations":[{"start":{"line":59,"column":4},"end":{"line":61,"column":5}},{"start":{},"end":{}}],"line":59},"10":{"loc":{"start":{"line":80,"column":4},"end":{"line":82,"column":5}},"type":"if","locations":[{"start":{"line":80,"column":4},"end":{"line":82,"column":5}},{"start":{},"end":{}}],"line":80},"11":{"loc":{"start":{"line":88,"column":6},"end":{"line":91,"column":7}},"type":"if","locations":[{"start":{"line":88,"column":6},"end":{"line":91,"column":7}},{"start":{},"end":{}}],"line":88},"12":{"loc":{"start":{"line":88,"column":10},"end":{"line":88,"column":31}},"type":"binary-expr","locations":[{"start":{"line":88,"column":10},"end":{"line":88,"column":14}},{"start":{"line":88,"column":18},"end":{"line":88,"column":31}}],"line":88}},"s":{"0":1,"1":1,"2":1,"3":1,"4":14,"5":14,"6":14,"7":0,"8":0,"9":0,"10":0,"11":0,"12":1,"13":14,"14":14,"15":14,"16":0,"17":14,"18":14,"19":0,"20":0,"21":0,"22":14,"23":14,"24":0,"25":14,"26":0,"27":14,"28":14,"29":14,"30":0,"31":1,"32":0,"33":0,"34":0,"35":0,"36":0,"37":0,"38":0,"39":0,"40":0,"41":0,"42":0,"43":0,"44":1},"f":{"0":14,"1":14,"2":0},"b":{"0":[14,0],"1":[14,14],"2":[0,0],"3":[0,0],"4":[0,0],"5":[0,0],"6":[0,14],"7":[0,0],"8":[0,14],"9":[0,14],"10":[0,0],"11":[0,0],"12":[0,0]},"_coverageSchema":"1a1c01bbd47fc00a2c39e90264f33305004495a9","hash":"8668e4822459a1d58036853f439aadb3cee084b9"}
,"D:\\AlgoVerse\\server\\src\\middleware\\errorMiddleware.js": {"path":"D:\\AlgoVerse\\server\\src\\middleware\\errorMiddleware.js","statementMap":{"0":{"start":{"line":7,"column":15},"end":{"line":7,"column":35}},"1":{"start":{"line":8,"column":15},"end":{"line":8,"column":41}},"2":{"start":{"line":10,"column":24},"end":{"line":76,"column":1}},"3":{"start":{"line":11,"column":2},"end":{"line":11,"column":41}},"4":{"start":{"line":12,"column":2},"end":{"line":12,"column":61}},"5":{"start":{"line":15,"column":2},"end":{"line":19,"column":3}},"6":{"start":{"line":16,"column":4},"end":{"line":16,"column":25}},"7":{"start":{"line":17,"column":4},"end":{"line":17,"column":84}},"8":{"start":{"line":17,"column":60},"end":{"line":17,"column":71}},"9":{"start":{"line":18,"column":4},"end":{"line":18,"column":29}},"10":{"start":{"line":22,"column":2},"end":{"line":27,"column":3}},"11":{"start":{"line":23,"column":18},"end":{"line":23,"column":46}},"12":{"start":{"line":24,"column":4},"end":{"line":24,"column":25}},"13":{"start":{"line":25,"column":4},"end":{"line":25,"column":88}},"14":{"start":{"line":26,"column":4},"end":{"line":26,"column":29}},"15":{"start":{"line":30,"column":2},"end":{"line":34,"column":3}},"16":{"start":{"line":31,"column":4},"end":{"line":31,"column":25}},"17":{"start":{"line":32,"column":4},"end":{"line":32,"column":57}},"18":{"start":{"line":33,"column":4},"end":{"line":33,"column":29}},"19":{"start":{"line":37,"column":2},"end":{"line":41,"column":3}},"20":{"start":{"line":38,"column":4},"end":{"line":38,"column":25}},"21":{"start":{"line":39,"column":4},"end":{"line":39,"column":52}},"22":{"start":{"line":40,"column":4},"end":{"line":40,"column":29}},"23":{"start":{"line":43,"column":2},"end":{"line":47,"column":3}},"24":{"start":{"line":44,"column":4},"end":{"line":44,"column":25}},"25":{"start":{"line":45,"column":4},"end":{"line":45,"column":52}},"26":{"start":{"line":46,"column":4},"end":{"line":46,"column":29}},"27":{"start":{"line":49,"column":16},"end":{"line":49,"column":36}},"28":{"start":{"line":52,"column":2},"end":{"line":59,"column":3}},"29":{"start":{"line":53,"column":4},"end":{"line":53,"column":61}},"30":{"start":{"line":56,"column":4},"end":{"line":58,"column":5}},"31":{"start":{"line":57,"column":6},"end":{"line":57,"column":87}},"32":{"start":{"line":62,"column":24},"end":{"line":62,"column":50}},"33":{"start":{"line":64,"column":4},"end":{"line":66,"column":19}},"34":{"start":{"line":68,"column":2},"end":{"line":75,"column":5}},"35":{"start":{"line":78,"column":0},"end":{"line":78,"column":33}}},"fnMap":{"0":{"name":"(anonymous_0)","decl":{"start":{"line":10,"column":24},"end":{"line":10,"column":25}},"loc":{"start":{"line":10,"column":49},"end":{"line":76,"column":1}},"line":10},"1":{"name":"(anonymous_1)","decl":{"start":{"line":17,"column":51},"end":{"line":17,"column":52}},"loc":{"start":{"line":17,"column":60},"end":{"line":17,"column":71}},"line":17}},"branchMap":{"0":{"loc":{"start":{"line":11,"column":19},"end":{"line":11,"column":40}},"type":"binary-expr","locations":[{"start":{"line":11,"column":19},"end":{"line":11,"column":33}},{"start":{"line":11,"column":37},"end":{"line":11,"column":40}}],"line":11},"1":{"loc":{"start":{"line":12,"column":19},"end":{"line":12,"column":60}},"type":"binary-expr","locations":[{"start":{"line":12,"column":19},"end":{"line":12,"column":30}},{"start":{"line":12,"column":37},"end":{"line":12,"column":60}}],"line":12},"2":{"loc":{"start":{"line":15,"column":2},"end":{"line":19,"column":3}},"type":"if","locations":[{"start":{"line":15,"column":2},"end":{"line":19,"column":3}},{"start":{},"end":{}}],"line":15},"3":{"loc":{"start":{"line":22,"column":2},"end":{"line":27,"column":3}},"type":"if","locations":[{"start":{"line":22,"column":2},"end":{"line":27,"column":3}},{"start":{},"end":{}}],"line":22},"4":{"loc":{"start":{"line":30,"column":2},"end":{"line":34,"column":3}},"type":"if","locations":[{"start":{"line":30,"column":2},"end":{"line":34,"column":3}},{"start":{},"end":{}}],"line":30},"5":{"loc":{"start":{"line":37,"column":2},"end":{"line":41,"column":3}},"type":"if","locations":[{"start":{"line":37,"column":2},"end":{"line":41,"column":3}},{"start":{},"end":{}}],"line":37},"6":{"loc":{"start":{"line":43,"column":2},"end":{"line":47,"column":3}},"type":"if","locations":[{"start":{"line":43,"column":2},"end":{"line":47,"column":3}},{"start":{},"end":{}}],"line":43},"7":{"loc":{"start":{"line":52,"column":2},"end":{"line":59,"column":3}},"type":"if","locations":[{"start":{"line":52,"column":2},"end":{"line":59,"column":3}},{"start":{"line":54,"column":9},"end":{"line":59,"column":3}}],"line":52},"8":{"loc":{"start":{"line":56,"column":4},"end":{"line":58,"column":5}},"type":"if","locations":[{"start":{"line":56,"column":4},"end":{"line":58,"column":5}},{"start":{},"end":{}}],"line":56},"9":{"loc":{"start":{"line":64,"column":4},"end":{"line":66,"column":19}},"type":"cond-expr","locations":[{"start":{"line":65,"column":8},"end":{"line":65,"column":55}},{"start":{"line":66,"column":8},"end":{"line":66,"column":19}}],"line":64},"10":{"loc":{"start":{"line":64,"column":4},"end":{"line":64,"column":41}},"type":"binary-expr","locations":[{"start":{"line":64,"column":4},"end":{"line":64,"column":23}},{"start":{"line":64,"column":27},"end":{"line":64,"column":41}}],"line":64},"11":{"loc":{"start":{"line":71,"column":8},"end":{"line":74,"column":5}},"type":"binary-expr","locations":[{"start":{"line":71,"column":8},"end":{"line":71,"column":13}},{"start":{"line":71,"column":17},"end":{"line":74,"column":5}}],"line":71}},"s":{"0":1,"1":1,"2":1,"3":3,"4":3,"5":3,"6":0,"7":0,"8":0,"9":0,"10":3,"11":0,"12":0,"13":0,"14":0,"15":3,"16":0,"17":0,"18":0,"19":3,"20":0,"21":0,"22":0,"23":3,"24":0,"25":0,"26":0,"27":3,"28":3,"29":3,"30":0,"31":0,"32":3,"33":3,"34":3,"35":1},"f":{"0":3,"1":0},"b":{"0":[3,0],"1":[3,0],"2":[0,3],"3":[0,3],"4":[0,3],"5":[0,3],"6":[0,3],"7":[3,0],"8":[0,0],"9":[0,3],"10":[3,0],"11":[3,3]},"_coverageSchema":"1a1c01bbd47fc00a2c39e90264f33305004495a9","hash":"9a8e4a23e1c4c10b77e95a04cf1c2a22c745fc5d"}
,"D:\\AlgoVerse\\server\\src\\models\\AIInteraction.js": {"path":"D:\\AlgoVerse\\server\\src\\models\\AIInteraction.js","statementMap":{"0":{"start":{"line":6,"column":17},"end":{"line":6,"column":36}},"1":{"start":{"line":8,"column":28},"end":{"line":34,"column":1}},"2":{"start":{"line":37,"column":0},"end":{"line":37,"column":70}},"3":{"start":{"line":39,"column":0},"end":{"line":39,"column":70}}},"fnMap":{},"branchMap":{},"s":{"0":1,"1":1,"2":1,"3":1},"f":{},"b":{},"_coverageSchema":"1a1c01bbd47fc00a2c39e90264f33305004495a9","hash":"be27c2cf9519fee7686cc883cb270e50d6e15c2e"}
,"D:\\AlgoVerse\\server\\src\\models\\Problem.js": {"path":"D:\\AlgoVerse\\server\\src\\models\\Problem.js","statementMap":{"0":{"start":{"line":6,"column":17},"end":{"line":6,"column":36}},"1":{"start":{"line":7,"column":25},"end":{"line":7,"column":54}},"2":{"start":{"line":8,"column":20},"end":{"line":8,"column":47}},"3":{"start":{"line":10,"column":22},"end":{"line":135,"column":1}},"4":{"start":{"line":144,"column":0},"end":{"line":149,"column":3}},"5":{"start":{"line":145,"column":2},"end":{"line":147,"column":3}},"6":{"start":{"line":146,"column":4},"end":{"line":146,"column":36}},"7":{"start":{"line":148,"column":2},"end":{"line":148,"column":9}},"8":{"start":{"line":156,"column":0},"end":{"line":156,"column":48}},"9":{"start":{"line":158,"column":0},"end":{"line":158,"column":53}},"10":{"start":{"line":160,"column":0},"end":{"line":160,"column":74}},"11":{"start":{"line":163,"column":0},"end":{"line":163,"column":58}}},"fnMap":{"0":{"name":"(anonymous_0)","decl":{"start":{"line":144,"column":26},"end":{"line":144,"column":27}},"loc":{"start":{"line":144,"column":42},"end":{"line":149,"column":1}},"line":144}},"branchMap":{"0":{"loc":{"start":{"line":145,"column":2},"end":{"line":147,"column":3}},"type":"if","locations":[{"start":{"line":145,"column":2},"end":{"line":147,"column":3}},{"start":{},"end":{}}],"line":145}},"s":{"0":1,"1":1,"2":1,"3":1,"4":1,"5":1,"6":1,"7":1,"8":1,"9":1,"10":1,"11":1},"f":{"0":1},"b":{"0":[1,0]},"_coverageSchema":"1a1c01bbd47fc00a2c39e90264f33305004495a9","hash":"ebb34fd1b8ec06554abb477cf933d138a5746754"}
,"D:\\AlgoVerse\\server\\src\\models\\Submission.js": {"path":"D:\\AlgoVerse\\server\\src\\models\\Submission.js","statementMap":{"0":{"start":{"line":6,"column":17},"end":{"line":6,"column":36}},"1":{"start":{"line":7,"column":21},"end":{"line":7,"column":50}},"2":{"start":{"line":9,"column":25},"end":{"line":84,"column":1}},"3":{"start":{"line":91,"column":0},"end":{"line":91,"column":36}},"4":{"start":{"line":92,"column":0},"end":{"line":92,"column":39}},"5":{"start":{"line":93,"column":0},"end":{"line":93,"column":39}},"6":{"start":{"line":94,"column":0},"end":{"line":94,"column":40}},"7":{"start":{"line":95,"column":0},"end":{"line":95,"column":42}},"8":{"start":{"line":98,"column":0},"end":{"line":98,"column":48}},"9":{"start":{"line":100,"column":0},"end":{"line":100,"column":51}},"10":{"start":{"line":102,"column":0},"end":{"line":102,"column":51}},"11":{"start":{"line":105,"column":0},"end":{"line":105,"column":48}},"12":{"start":{"line":106,"column":0},"end":{"line":106,"column":49}},"13":{"start":{"line":108,"column":0},"end":{"line":108,"column":64}}},"fnMap":{},"branchMap":{},"s":{"0":1,"1":1,"2":1,"3":1,"4":1,"5":1,"6":1,"7":1,"8":1,"9":1,"10":1,"11":1,"12":1,"13":1},"f":{},"b":{},"_coverageSchema":"1a1c01bbd47fc00a2c39e90264f33305004495a9","hash":"64795281d31bd451704946891e4e58e2d3bf33ac"}
,"D:\\AlgoVerse\\server\\src\\models\\User.js": {"path":"D:\\AlgoVerse\\server\\src\\models\\User.js","statementMap":{"0":{"start":{"line":6,"column":17},"end":{"line":6,"column":36}},"1":{"start":{"line":7,"column":15},"end":{"line":7,"column":34}},"2":{"start":{"line":8,"column":18},"end":{"line":8,"column":47}},"3":{"start":{"line":10,"column":19},"end":{"line":99,"column":1}},"4":{"start":{"line":109,"column":0},"end":{"line":121,"column":3}},"5":{"start":{"line":110,"column":2},"end":{"line":112,"column":3}},"6":{"start":{"line":111,"column":4},"end":{"line":111,"column":18}},"7":{"start":{"line":114,"column":2},"end":{"line":120,"column":3}},"8":{"start":{"line":115,"column":17},"end":{"line":115,"column":41}},"9":{"start":{"line":116,"column":4},"end":{"line":116,"column":59}},"10":{"start":{"line":117,"column":4},"end":{"line":117,"column":11}},"11":{"start":{"line":119,"column":4},"end":{"line":119,"column":16}},"12":{"start":{"line":134,"column":0},"end":{"line":136,"column":2}},"13":{"start":{"line":135,"column":2},"end":{"line":135,"column":62}},"14":{"start":{"line":143,"column":0},"end":{"line":143,"column":55}},"15":{"start":{"line":146,"column":0},"end":{"line":146,"column":75}},"16":{"start":{"line":148,"column":0},"end":{"line":148,"column":52}}},"fnMap":{"0":{"name":"(anonymous_0)","decl":{"start":{"line":109,"column":23},"end":{"line":109,"column":24}},"loc":{"start":{"line":109,"column":45},"end":{"line":121,"column":1}},"line":109},"1":{"name":"(anonymous_1)","decl":{"start":{"line":134,"column":35},"end":{"line":134,"column":36}},"loc":{"start":{"line":134,"column":68},"end":{"line":136,"column":1}},"line":134}},"branchMap":{"0":{"loc":{"start":{"line":110,"column":2},"end":{"line":112,"column":3}},"type":"if","locations":[{"start":{"line":110,"column":2},"end":{"line":112,"column":3}},{"start":{},"end":{}}],"line":110}},"s":{"0":1,"1":1,"2":1,"3":1,"4":1,"5":3,"6":0,"7":3,"8":3,"9":3,"10":3,"11":0,"12":1,"13":0,"14":1,"15":1,"16":1},"f":{"0":3,"1":0},"b":{"0":[0,3]},"_coverageSchema":"1a1c01bbd47fc00a2c39e90264f33305004495a9","hash":"97eb01d997430a33054b4b2f179e02570a53dde6"}
,"D:\\AlgoVerse\\server\\src\\routes\\aiRoutes.js": {"path":"D:\\AlgoVerse\\server\\src\\routes\\aiRoutes.js","statementMap":{"0":{"start":{"line":6,"column":16},"end":{"line":6,"column":34}},"1":{"start":{"line":7,"column":18},"end":{"line":7,"column":47}},"2":{"start":{"line":9,"column":25},"end":{"line":9,"column":64}},"3":{"start":{"line":15,"column":4},"end":{"line":15,"column":42}},"4":{"start":{"line":21,"column":4},"end":{"line":21,"column":40}},"5":{"start":{"line":23,"column":15},"end":{"line":23,"column":31}},"6":{"start":{"line":30,"column":22},"end":{"line":39,"column":2}},"7":{"start":{"line":42,"column":0},"end":{"line":42,"column":26}},"8":{"start":{"line":43,"column":0},"end":{"line":43,"column":25}},"9":{"start":{"line":54,"column":0},"end":{"line":54,"column":51}},"10":{"start":{"line":61,"column":0},"end":{"line":61,"column":60}},"11":{"start":{"line":68,"column":0},"end":{"line":68,"column":45}},"12":{"start":{"line":75,"column":0},"end":{"line":75,"column":89}},"13":{"start":{"line":77,"column":0},"end":{"line":77,"column":24}}},"fnMap":{},"branchMap":{"0":{"loc":{"start":{"line":32,"column":7},"end":{"line":32,"column":50}},"type":"cond-expr","locations":[{"start":{"line":32,"column":41},"end":{"line":32,"column":45}},{"start":{"line":32,"column":48},"end":{"line":32,"column":50}}],"line":32}},"s":{"0":1,"1":1,"2":1,"3":1,"4":1,"5":1,"6":1,"7":1,"8":1,"9":1,"10":1,"11":1,"12":1,"13":1},"f":{},"b":{"0":[1,0]},"_coverageSchema":"1a1c01bbd47fc00a2c39e90264f33305004495a9","hash":"6e6d0ec73ab9e57ae4e9cdb1ec56765b462ac035"}
,"D:\\AlgoVerse\\server\\src\\routes\\authRoutes.js": {"path":"D:\\AlgoVerse\\server\\src\\routes\\authRoutes.js","statementMap":{"0":{"start":{"line":6,"column":16},"end":{"line":6,"column":34}},"1":{"start":{"line":7,"column":18},"end":{"line":7,"column":47}},"2":{"start":{"line":16,"column":4},"end":{"line":16,"column":44}},"3":{"start":{"line":17,"column":25},"end":{"line":17,"column":64}},"4":{"start":{"line":18,"column":46},"end":{"line":18,"column":84}},"5":{"start":{"line":20,"column":15},"end":{"line":20,"column":31}},"6":{"start":{"line":26,"column":24},"end":{"line":35,"column":2}},"7":{"start":{"line":42,"column":0},"end":{"line":42,"column":71}},"8":{"start":{"line":45,"column":0},"end":{"line":45,"column":62}},"9":{"start":{"line":48,"column":0},"end":{"line":48,"column":33}},"10":{"start":{"line":55,"column":0},"end":{"line":55,"column":48}},"11":{"start":{"line":58,"column":0},"end":{"line":58,"column":45}},"12":{"start":{"line":61,"column":0},"end":{"line":61,"column":52}},"13":{"start":{"line":64,"column":0},"end":{"line":64,"column":62}},"14":{"start":{"line":66,"column":0},"end":{"line":66,"column":24}}},"fnMap":{},"branchMap":{"0":{"loc":{"start":{"line":28,"column":7},"end":{"line":28,"column":49}},"type":"cond-expr","locations":[{"start":{"line":28,"column":41},"end":{"line":28,"column":45}},{"start":{"line":28,"column":48},"end":{"line":28,"column":49}}],"line":28}},"s":{"0":1,"1":1,"2":1,"3":1,"4":1,"5":1,"6":1,"7":1,"8":1,"9":1,"10":1,"11":1,"12":1,"13":1,"14":1},"f":{},"b":{"0":[1,0]},"_coverageSchema":"1a1c01bbd47fc00a2c39e90264f33305004495a9","hash":"1b6d551bede39cbc06f07377f5f7bc855f69e3e1"}
,"D:\\AlgoVerse\\server\\src\\routes\\codeRoutes.js": {"path":"D:\\AlgoVerse\\server\\src\\routes\\codeRoutes.js","statementMap":{"0":{"start":{"line":6,"column":16},"end":{"line":6,"column":34}},"1":{"start":{"line":7,"column":25},"end":{"line":7,"column":64}},"2":{"start":{"line":8,"column":29},"end":{"line":8,"column":67}},"3":{"start":{"line":9,"column":20},"end":{"line":9,"column":60}},"4":{"start":{"line":11,"column":15},"end":{"line":11,"column":31}},"5":{"start":{"line":18,"column":0},"end":{"line":18,"column":61}},"6":{"start":{"line":20,"column":0},"end":{"line":20,"column":24}}},"fnMap":{},"branchMap":{},"s":{"0":1,"1":1,"2":1,"3":1,"4":1,"5":1,"6":1},"f":{},"b":{},"_coverageSchema":"1a1c01bbd47fc00a2c39e90264f33305004495a9","hash":"00ec7d3f27fcf6f78985be0a3ea374783ace28db"}
,"D:\\AlgoVerse\\server\\src\\routes\\dashboardRoutes.js": {"path":"D:\\AlgoVerse\\server\\src\\routes\\dashboardRoutes.js","statementMap":{"0":{"start":{"line":6,"column":16},"end":{"line":6,"column":34}},"1":{"start":{"line":7,"column":25},"end":{"line":7,"column":64}},"2":{"start":{"line":14,"column":4},"end":{"line":14,"column":49}},"3":{"start":{"line":16,"column":15},"end":{"line":16,"column":31}},"4":{"start":{"line":19,"column":0},"end":{"line":19,"column":25}},"5":{"start":{"line":25,"column":0},"end":{"line":25,"column":44}},"6":{"start":{"line":31,"column":0},"end":{"line":31,"column":50}},"7":{"start":{"line":37,"column":0},"end":{"line":37,"column":47}},"8":{"start":{"line":43,"column":0},"end":{"line":43,"column":51}},"9":{"start":{"line":49,"column":0},"end":{"line":49,"column":44}},"10":{"start":{"line":51,"column":0},"end":{"line":51,"column":24}}},"fnMap":{},"branchMap":{},"s":{"0":1,"1":1,"2":1,"3":1,"4":1,"5":1,"6":1,"7":1,"8":1,"9":1,"10":1},"f":{},"b":{},"_coverageSchema":"1a1c01bbd47fc00a2c39e90264f33305004495a9","hash":"bd2ed2ca88053dce5aa36fa875ef402aad46e70d"}
[...]
,"D:\\AlgoVerse\\server\\src\\utils\\AppError.js": {"path":"D:\\AlgoVerse\\server\\src\\utils\\AppError.js","statementMap":{"0":{"start":{"line":10,"column":4},"end":{"line":10,"column":19}},"1":{"start":{"line":11,"column":4},"end":{"line":11,"column":33}},"2":{"start":{"line":12,"column":4},"end":{"line":12,"column":30}},"3":{"start":{"line":15,"column":4},"end":{"line":15,"column":52}},"4":{"start":{"line":19,"column":0},"end":{"line":19,"column":26}}},"fnMap":{"0":{"name":"(anonymous_0)","decl":{"start":{"line":9,"column":2},"end":{"line":9,"column":3}},"loc":{"start":{"line":9,"column":35},"end":{"line":16,"column":3}},"line":9}},"branchMap":{},"s":{"0":3,"1":3,"2":3,"3":3,"4":1},"f":{"0":3},"b":{},"_coverageSchema":"1a1c01bbd47fc00a2c39e90264f33305004495a9","hash":"c63acb29e445f53fa5fa1e8ab792326bf4c73ff9"}
,"D:\\AlgoVerse\\server\\src\\utils\\asyncHandler.js": {"path":"D:\\AlgoVerse\\server\\src\\utils\\asyncHandler.js","statementMap":{"0":{"start":{"line":6,"column":21},"end":{"line":8,"column":1}},"1":{"start":{"line":6,"column":29},"end":{"line":8,"column":1}},"2":{"start":{"line":7,"column":2},"end":{"line":7,"column":50}},"3":{"start":{"line":10,"column":0},"end":{"line":10,"column":30}}},"fnMap":{"0":{"name":"(anonymous_0)","decl":{"start":{"line":6,"column":21},"end":{"line":6,"column":22}},"loc":{"start":{"line":6,"column":29},"end":{"line":8,"column":1}},"line":6},"1":{"name":"(anonymous_1)","decl":{"start":{"line":6,"column":29},"end":{"line":6,"column":30}},"loc":{"start":{"line":6,"column":49},"end":{"line":8,"column":1}},"line":6}},"branchMap":{},"s":{"0":1,"1":26,"2":15,"3":1},"f":{"0":26,"1":15},"b":{},"_coverageSchema":"1a1c01bbd47fc00a2c39e90264f33305004495a9","hash":"792034f625a7f3cc74a1ec79721be7c0f5f4b221"}
,"D:\\AlgoVerse\\server\\src\\utils\\generateToken.js": {"path":"D:\\AlgoVerse\\server\\src\\utils\\generateToken.js","statementMap":{"0":{"start":{"line":8,"column":12},"end":{"line":8,"column":35}},"1":{"start":{"line":9,"column":15},"end":{"line":9,"column":35}},"2":{"start":{"line":11,"column":18},"end":{"line":11,"column":25}},"3":{"start":{"line":19,"column":28},"end":{"line":26,"column":1}},"4":{"start":{"line":20,"column":13},"end":{"line":20,"column":48}},"5":{"start":{"line":21,"column":2},"end":{"line":25,"column":4}},"6":{"start":{"line":33,"column":29},"end":{"line":40,"column":1}},"7":{"start":{"line":34,"column":13},"end":{"line":34,"column":48}},"8":{"start":{"line":35,"column":2},"end":{"line":39,"column":4}},"9":{"start":{"line":48,"column":26},"end":{"line":57,"column":1}},"10":{"start":{"line":49,"column":2},"end":{"line":56,"column":3}},"11":{"start":{"line":50,"column":4},"end":{"line":50,"column":77}},"12":{"start":{"line":52,"column":4},"end":{"line":54,"column":5}},"13":{"start":{"line":53,"column":6},"end":{"line":53,"column":44}},"14":{"start":{"line":55,"column":4},"end":{"line":55,"column":37}},"15":{"start":{"line":65,"column":27},"end":{"line":74,"column":1}},"16":{"start":{"line":66,"column":2},"end":{"line":73,"column":3}},"17":{"start":{"line":67,"column":4},"end":{"line":67,"column":84}},"18":{"start":{"line":69,"column":4},"end":{"line":71,"column":5}},"19":{"start":{"line":70,"column":6},"end":{"line":70,"column":45}},"20":{"start":{"line":72,"column":4},"end":{"line":72,"column":45}},"21":{"start":{"line":76,"column":0},"end":{"line":81,"column":2}}},"fnMap":{"0":{"name":"(anonymous_0)","decl":{"start":{"line":19,"column":28},"end":{"line":19,"column":29}},"loc":{"start":{"line":19,"column":46},"end":{"line":26,"column":1}},"line":19},"1":{"name":"(anonymous_1)","decl":{"start":{"line":33,"column":29},"end":{"line":33,"column":30}},"loc":{"start":{"line":33,"column":41},"end":{"line":40,"column":1}},"line":33},"2":{"name":"(anonymous_2)","decl":{"start":{"line":48,"column":26},"end":{"line":48,"column":27}},"loc":{"start":{"line":48,"column":37},"end":{"line":57,"column":1}},"line":48},"3":{"name":"(anonymous_3)","decl":{"start":{"line":65,"column":27},"end":{"line":65,"column":28}},"loc":{"start":{"line":65,"column":38},"end":{"line":74,"column":1}},"line":65}},"branchMap":{"0":{"loc":{"start":{"line":20,"column":13},"end":{"line":20,"column":48}},"type":"cond-expr","locations":[{"start":{"line":20,"column":22},"end":{"line":20,"column":39}},{"start":{"line":20,"column":42},"end":{"line":20,"column":48}}],"line":20},"1":{"loc":{"start":{"line":34,"column":13},"end":{"line":34,"column":48}},"type":"cond-expr","locations":[{"start":{"line":34,"column":22},"end":{"line":34,"column":39}},{"start":{"line":34,"column":42},"end":{"line":34,"column":48}}],"line":34},"2":{"loc":{"start":{"line":52,"column":4},"end":{"line":54,"column":5}},"type":"if","locations":[{"start":{"line":52,"column":4},"end":{"line":54,"column":5}},{"start":{},"end":{}}],"line":52},"3":{"loc":{"start":{"line":69,"column":4},"end":{"line":71,"column":5}},"type":"if","locations":[{"start":{"line":69,"column":4},"end":{"line":71,"column":5}},{"start":{},"end":{}}],"line":69}},"s":{"0":1,"1":1,"2":1,"3":1,"4":3,"5":3,"6":1,"7":3,"8":3,"9":1,"10":14,"11":14,"12":0,"13":0,"14":0,"15":1,"16":0,"17":0,"18":0,"19":0,"20":0,"21":1},"f":{"0":3,"1":3,"2":14,"3":0},"b":{"0":[3,0],"1":[3,0],"2":[0,0],"3":[0,0]},"_coverageSchema":"1a1c01bbd47fc00a2c39e90264f33305004495a9","hash":"d1b5265eeb5175c221e3a2bf40c8c0711c9a5a27"}
,"D:\\AlgoVerse\\server\\src\\utils\\logger.js": {"path":"D:\\AlgoVerse\\server\\src\\utils\\logger.js","statementMap":{"0":{"start":{"line":13,"column":45},"end":{"line":13,"column":63}},"1":{"start":{"line":15,"column":63},"end":{"line":15,"column":69}},"2":{"start":{"line":17,"column":14},"end":{"line":17,"column":51}},"3":{"start":{"line":20,"column":18},"end":{"line":29,"column":1}},"4":{"start":{"line":25,"column":4},"end":{"line":27,"column":46}},"5":{"start":{"line":32,"column":19},"end":{"line":36,"column":1}},"6":{"start":{"line":38,"column":15},"end":{"line":58,"column":2}},"7":{"start":{"line":60,"column":0},"end":{"line":60,"column":24}}},"fnMap":{"0":{"name":"(anonymous_0)","decl":{"start":{"line":24,"column":9},"end":{"line":24,"column":10}},"loc":{"start":{"line":24,"column":51},"end":{"line":28,"column":3}},"line":24}},"branchMap":{"0":{"loc":{"start":{"line":25,"column":11},"end":{"line":27,"column":45}},"type":"cond-expr","locations":[{"start":{"line":26,"column":8},"end":{"line":26,"column":55}},{"start":{"line":27,"column":8},"end":{"line":27,"column":45}}],"line":25},"1":{"loc":{"start":{"line":39,"column":9},"end":{"line":39,"column":33}},"type":"cond-expr","locations":[{"start":{"line":39,"column":17},"end":{"line":39,"column":24}},{"start":{"line":39,"column":27},"end":{"line":39,"column":33}}],"line":39},"2":{"loc":{"start":{"line":40,"column":10},"end":{"line":40,"column":40}},"type":"cond-expr","locations":[{"start":{"line":40,"column":18},"end":{"line":40,"column":27}},{"start":{"line":40,"column":30},"end":{"line":40,"column":40}}],"line":40}},"s":{"0":1,"1":1,"2":1,"3":1,"4":5,"5":1,"6":1,"7":1},"f":{"0":5},"b":{"0":[0,5],"1":[1,0],"2":[1,0]},"_coverageSchema":"1a1c01bbd47fc00a2c39e90264f33305004495a9","hash":"b038e9eceff9655ec10988436f6403fd124a6895"}
,"D:\\AlgoVerse\\server\\src\\utils\\promptTemplates.js": {"path":"D:\\AlgoVerse\\server\\src\\utils\\promptTemplates.js","statementMap":{"0":{"start":{"line":12,"column":21},"end":{"line":33,"column":1}},"1":{"start":{"line":13,"column":2},"end":{"line":32,"column":8}},"2":{"start":{"line":41,"column":25},"end":{"line":59,"column":1}},"3":{"start":{"line":42,"column":2},"end":{"line":58,"column":8}},"4":{"start":{"line":68,"column":19},"end":{"line":89,"column":1}},"5":{"start":{"line":69,"column":2},"end":{"line":88,"column":3}},"6":{"start":{"line":99,"column":24},"end":{"line":128,"column":1}},"7":{"start":{"line":100,"column":2},"end":{"line":127,"column":8}},"8":{"start":{"line":130,"column":0},"end":{"line":135,"column":2}}},"fnMap":{"0":{"name":"(anonymous_0)","decl":{"start":{"line":12,"column":21},"end":{"line":12,"column":22}},"loc":{"start":{"line":12,"column":41},"end":{"line":33,"column":1}},"line":12},"1":{"name":"(anonymous_1)","decl":{"start":{"line":41,"column":25},"end":{"line":41,"column":26}},"loc":{"start":{"line":41,"column":45},"end":{"line":59,"column":1}},"line":41},"2":{"name":"(anonymous_2)","decl":{"start":{"line":68,"column":19},"end":{"line":68,"column":20}},"loc":{"start":{"line":68,"column":69},"end":{"line":89,"column":1}},"line":68},"3":{"name":"(anonymous_3)","decl":{"start":{"line":99,"column":24},"end":{"line":99,"column":25}},"loc":{"start":{"line":99,"column":67},"end":{"line":128,"column":1}},"line":99}},"branchMap":{},"s":{"0":1,"1":0,"2":1,"3":0,"4":1,"5":0,"6":1,"7":0,"8":1},"f":{"0":0,"1":0,"2":0,"3":0},"b":{},"_coverageSchema":"1a1c01bbd47fc00a2c39e90264f33305004495a9","hash":"8b932c0fe20b6d32ce33cbd3ae622b863b060a04"}
,"D:\\AlgoVerse\\server\\src\\utils\\responseHandler.js": {"path":"D:\\AlgoVerse\\server\\src\\utils\\responseHandler.js","statementMap":{"0":{"start":{"line":16,"column":20},"end":{"line":31,"column":1}},"1":{"start":{"line":17,"column":19},"end":{"line":20,"column":3}},"2":{"start":{"line":22,"column":2},"end":{"line":24,"column":3}},"3":{"start":{"line":23,"column":4},"end":{"line":23,"column":25}},"4":{"start":{"line":26,"column":2},"end":{"line":28,"column":3}},"5":{"start":{"line":27,"column":4},"end":{"line":27,"column":25}},"6":{"start":{"line":30,"column":2},"end":{"line":30,"column":47}},"7":{"start":{"line":41,"column":18},"end":{"line":52,"column":1}},"8":{"start":{"line":42,"column":19},"end":{"line":45,"column":3}},"9":{"start":{"line":47,"column":2},"end":{"line":49,"column":3}},"10":{"start":{"line":48,"column":4},"end":{"line":48,"column":29}},"11":{"start":{"line":51,"column":2},"end":{"line":51,"column":47}},"12":{"start":{"line":54,"column":0},"end":{"line":54,"column":44}}},"fnMap":{"0":{"name":"(anonymous_0)","decl":{"start":{"line":16,"column":20},"end":{"line":16,"column":21}},"loc":{"start":{"line":16,"column":76},"end":{"line":31,"column":1}},"line":16},"1":{"name":"(anonymous_1)","decl":{"start":{"line":41,"column":18},"end":{"line":41,"column":19}},"loc":{"start":{"line":41,"column":63},"end":{"line":52,"column":1}},"line":41}},"branchMap":{"0":{"loc":{"start":{"line":16,"column":47},"end":{"line":16,"column":58}},"type":"default-arg","locations":[{"start":{"line":16,"column":54},"end":{"line":16,"column":58}}],"line":16},"1":{"loc":{"start":{"line":16,"column":60},"end":{"line":16,"column":71}},"type":"default-arg","locations":[{"start":{"line":16,"column":67},"end":{"line":16,"column":71}}],"line":16},"2":{"loc":{"start":{"line":22,"column":2},"end":{"line":24,"column":3}},"type":"if","locations":[{"start":{"line":22,"column":2},"end":{"line":24,"column":3}},{"start":{},"end":{}}],"line":22},"3":{"loc":{"start":{"line":26,"column":2},"end":{"line":28,"column":3}},"type":"if","locations":[{"start":{"line":26,"column":2},"end":{"line":28,"column":3}},{"start":{},"end":{}}],"line":26},"4":{"loc":{"start":{"line":41,"column":45},"end":{"line":41,"column":58}},"type":"default-arg","locations":[{"start":{"line":41,"column":54},"end":{"line":41,"column":58}}],"line":41},"5":{"loc":{"start":{"line":47,"column":2},"end":{"line":49,"column":3}},"type":"if","locations":[{"start":{"line":47,"column":2},"end":{"line":49,"column":3}},{"start":{},"end":{}}],"line":47}},"s":{"0":1,"1":9,"2":9,"3":9,"4":9,"5":2,"6":9,"7":1,"8":0,"9":0,"10":0,"11":0,"12":1},"f":{"0":9,"1":0},"b":{"0":[0],"1":[7],"2":[9,0],"3":[2,7],"4":[0],"5":[0,0]},"_coverageSchema":"1a1c01bbd47fc00a2c39e90264f33305004495a9","hash":"59bb306402a437f1acd6db7ea8202a02cf9423db"}
,"D:\\AlgoVerse\\server\\src\\utils\\slugify.js": {"path":"D:\\AlgoVerse\\server\\src\\utils\\slugify.js","statementMap":{"0":{"start":{"line":12,"column":16},"end":{"line":19,"column":1}},"1":{"start":{"line":13,"column":2},"end":{"line":18,"column":29}},"2":{"start":{"line":21,"column":0},"end":{"line":21,"column":29}}},"fnMap":{"0":{"name":"(anonymous_0)","decl":{"start":{"line":12,"column":16},"end":{"line":12,"column":17}},"loc":{"start":{"line":12,"column":27},"end":{"line":19,"column":1}},"line":12}},"branchMap":{},"s":{"0":1,"1":1,"2":1},"f":{"0":1},"b":{},"_coverageSchema":"1a1c01bbd47fc00a2c39e90264f33305004495a9","hash":"ecdb8c7d758acd39dbe300dc71fc3adc54f204c0"}
,"D:\\AlgoVerse\\server\\src\\utils\\validationHandler.js": {"path":"D:\\AlgoVerse\\server\\src\\utils\\validationHandler.js","statementMap":{"0":{"start":{"line":7,"column":29},"end":{"line":7,"column":57}},"1":{"start":{"line":17,"column":31},"end":{"line":34,"column":1}},"2":{"start":{"line":18,"column":17},"end":{"line":18,"column":38}},"3":{"start":{"line":20,"column":2},"end":{"line":31,"column":3}},"4":{"start":{"line":21,"column":28},"end":{"line":24,"column":7}},"5":{"start":{"line":21,"column":57},"end":{"line":24,"column":5}},"6":{"start":{"line":26,"column":4},"end":{"line":30,"column":7}},"7":{"start":{"line":33,"column":2},"end":{"line":33,"column":9}},"8":{"start":{"line":36,"column":0},"end":{"line":36,"column":44}}},"fnMap":{"0":{"name":"(anonymous_0)","decl":{"start":{"line":17,"column":31},"end":{"line":17,"column":32}},"loc":{"start":{"line":17,"column":51},"end":{"line":34,"column":1}},"line":17},"1":{"name":"(anonymous_1)","decl":{"start":{"line":21,"column":47},"end":{"line":21,"column":48}},"loc":{"start":{"line":21,"column":57},"end":{"line":24,"column":5}},"line":21}},"branchMap":{"0":{"loc":{"start":{"line":20,"column":2},"end":{"line":31,"column":3}},"type":"if","locations":[{"start":{"line":20,"column":2},"end":{"line":31,"column":3}},{"start":{},"end":{}}],"line":20},"1":{"loc":{"start":{"line":22,"column":13},"end":{"line":22,"column":34}},"type":"binary-expr","locations":[{"start":{"line":22,"column":13},"end":{"line":22,"column":21}},{"start":{"line":22,"column":25},"end":{"line":22,"column":34}}],"line":22}},"s":{"0":1,"1":1,"2":17,"3":17,"4":2,"5":4,"6":2,"7":15,"8":1},"f":{"0":17,"1":4},"b":{"0":[2,15],"1":[4,0]},"_coverageSchema":"1a1c01bbd47fc00a2c39e90264f33305004495a9","hash":"902c5effdeb80e23f29d52905e4ba76c227d97f3"}
,"D:\\AlgoVerse\\server\\src\\validators\\aiValidator.js": {"path":"D:\\AlgoVerse\\server\\src\\validators\\aiValidator.js","statementMap":{"0":{"start":{"line":8,"column":17},"end":{"line":8,"column":45}},"1":{"start":{"line":9,"column":35},"end":{"line":9,"column":72}},"2":{"start":{"line":14,"column":4},"end":{"line":14,"column":33}},"3":{"start":{"line":20,"column":23},"end":{"line":36,"column":1}},"4":{"start":{"line":42,"column":27},"end":{"line":58,"column":1}},"5":{"start":{"line":64,"column":21},"end":{"line":85,"column":1}},"6":{"start":{"line":91,"column":34},"end":{"line":120,"column":1}},"7":{"start":{"line":122,"column":0},"end":{"line":127,"column":2}}},"fnMap":{},"branchMap":{},"s":{"0":1,"1":1,"2":1,"3":1,"4":1,"5":1,"6":1,"7":1},"f":{},"b":{},"_coverageSchema":"1a1c01bbd47fc00a2c39e90264f33305004495a9","hash":"5023614fd596cd253a7e968463166f766759e886"}
,"D:\\AlgoVerse\\server\\src\\validators\\authValidator.js": {"path":"D:\\AlgoVerse\\server\\src\\validators\\authValidator.js","statementMap":{"0":{"start":{"line":6,"column":17},"end":{"line":6,"column":45}},"1":{"start":{"line":7,"column":35},"end":{"line":7,"column":72}},"2":{"start":{"line":13,"column":26},"end":{"line":50,"column":1}},"3":{"start":{"line":43,"column":6},"end":{"line":45,"column":7}},"4":{"start":{"line":44,"column":8},"end":{"line":44,"column":50}},"5":{"start":{"line":46,"column":6},"end":{"line":46,"column":18}},"6":{"start":{"line":56,"column":23},"end":{"line":72,"column":1}},"7":{"start":{"line":74,"column":0},"end":{"line":77,"column":2}}},"fnMap":{"0":{"name":"(anonymous_0)","decl":{"start":{"line":42,"column":12},"end":{"line":42,"column":13}},"loc":{"start":{"line":42,"column":32},"end":{"line":47,"column":5}},"line":42}},"branchMap":{"0":{"loc":{"start":{"line":43,"column":6},"end":{"line":45,"column":7}},"type":"if","locations":[{"start":{"line":43,"column":6},"end":{"line":45,"column":7}},{"start":{},"end":{}}],"line":43}},"s":{"0":1,"1":1,"2":1,"3":3,"4":0,"5":3,"6":1,"7":1},"f":{"0":3},"b":{"0":[0,3]},"_coverageSchema":"1a1c01bbd47fc00a2c39e90264f33305004495a9","hash":"fd860fdccbb8f5c4f01c8b0fc8e135cb0bb8d489"}
,"D:\\AlgoVerse\\server\\src\\validators\\codeValidator.js": {"path":"D:\\AlgoVerse\\server\\src\\validators\\codeValidator.js","statementMap":{"0":{"start":{"line":6,"column":17},"end":{"line":6,"column":45}},"1":{"start":{"line":7,"column":35},"end":{"line":7,"column":72}},"2":{"start":{"line":8,"column":22},"end":{"line":8,"column":51}},"3":{"start":{"line":10,"column":25},"end":{"line":36,"column":1}},"4":{"start":{"line":38,"column":0},"end":{"line":38,"column":38}}},"fnMap":{},"branchMap":{},"s":{"0":1,"1":1,"2":1,"3":1,"4":1},"f":{},"b":{},"_coverageSchema":"1a1c01bbd47fc00a2c39e90264f33305004495a9","hash":"044a3df2fbb5129037b495a34da283cd3d4978cc"}
,"D:\\AlgoVerse\\server\\src\\validators\\problemValidator.js": {"path":"D:\\AlgoVerse\\server\\src\\validators\\problemValidator.js","statementMap":{"0":{"start":{"line":6,"column":17},"end":{"line":6,"column":45}},"1":{"start":{"line":7,"column":35},"end":{"line":7,"column":72}},"2":{"start":{"line":9,"column":25},"end":{"line":95,"column":1}},"3":{"start":{"line":97,"column":31},"end":{"line":149,"column":1}},"4":{"start":{"line":151,"column":0},"end":{"line":154,"column":2}}},"fnMap":{},"branchMap":{},"s":{"0":1,"1":1,"2":1,"3":1,"4":1},"f":{},"b":{},"_coverageSchema":"1a1c01bbd47fc00a2c39e90264f33305004495a9","hash":"363b7d131604cf2b7cfabce37f7f84d2750734e3"}
,"D:\\AlgoVerse\\server\\src\\validators\\submissionValidator.js": {"path":"D:\\AlgoVerse\\server\\src\\validators\\submissionValidator.js","statementMap":{"0":{"start":{"line":6,"column":31},"end":{"line":6,"column":59}},"1":{"start":{"line":7,"column":35},"end":{"line":7,"column":72}},"2":{"start":{"line":8,"column":22},"end":{"line":8,"column":51}},"3":{"start":{"line":13,"column":28},"end":{"line":37,"column":1}},"4":{"start":{"line":42,"column":32},"end":{"line":54,"column":1}},"5":{"start":{"line":59,"column":35},"end":{"line":65,"column":1}},"6":{"start":{"line":67,"column":0},"end":{"line":71,"column":2}}},"fnMap":{},"branchMap":{},"s":{"0":1,"1":1,"2":1,"3":1,"4":1,"5":1,"6":1},"f":{},"b":{},"_coverageSchema":"1a1c01bbd47fc00a2c39e90264f33305004495a9","hash":"517fa12490f6148f1fed2391af4087d5b049290a"}
,"D:\\AlgoVerse\\server\\src\\workers\\submissionQueue.js": {"path":"D:\\AlgoVerse\\server\\src\\workers\\submissionQueue.js","statementMap":{"0":{"start":{"line":1,"column":18},"end":{"line":1,"column":35}},"1":{"start":{"line":2,"column":14},"end":{"line":2,"column":40}},"2":{"start":{"line":4,"column":24},"end":{"line":15,"column":2}},"3":{"start":{"line":17,"column":0},"end":{"line":17,"column":33}}},"fnMap":{},"branchMap":{},"s":{"0":1,"1":1,"2":1,"3":1},"f":{},"b":{},"_coverageSchema":"1a1c01bbd47fc00a2c39e90264f33305004495a9","hash":"477cdcedbacedc5f42680bcd6367860d321d63d1"}
}
