TN:
SF:src\app.js
FN:70,(anonymous_0)
FN:130,(anonymous_1)
FN:141,(anonymous_2)
FN:150,(anonymous_3)
FN:207,(anonymous_4)
FNF:5
FNH:0
FNDA:0,(anonymous_0)
FNDA:0,(anonymous_1)
FNDA:0,(anonymous_2)
FNDA:0,(anonymous_3)
FNDA:0,(anonymous_4)
DA:6,1
DA:7,1
DA:8,1
DA:9,1
DA:10,1
DA:11,1
DA:12,1
DA:13,1
DA:14,1
DA:15,1
DA:17,1
DA:19,1
DA:20,1
DA:21,1
DA:22,1
DA:23,1
DA:24,1
DA:25,1
DA:26,1
DA:27,1
DA:29,1
DA:32,1
DA:35,1
DA:43,1
DA:46,1
DA:49,1
DA:52,1
DA:55,1
DA:65,1
DA:69,1
DA:70,0
DA:84,1
DA:99,1
DA:100,1
DA:101,1
DA:107,1
DA:122,1
DA:126,1
DA:127,0
DA:130,0
DA:141,1
DA:142,0
DA:150,1
DA:151,0
DA:153,0
DA:154,0
DA:156,0
DA:181,1
DA:184,1
DA:187,1
DA:190,1
DA:193,1
DA:196,1
DA:200,1
DA:207,1
DA:208,0
DA:209,0
DA:216,1
DA:218,1
LF:59
LH:49
BRDA:69,0,0,1
BRDA:69,0,1,0
BRDA:126,1,0,0
BRDA:126,1,1,1
BRDA:128,2,0,0
BRDA:128,2,1,0
BRDA:153,3,0,0
BRDA:153,3,1,0
BRDA:156,4,0,0
BRDA:156,4,1,0
BRDA:158,5,0,0
BRDA:158,5,1,0
BRF:12
BRH:2
end_of_record
TN:
SF:src\config\aiConfig.js
FNF:0
FNH:0
DA:6,1
DA:7,1
DA:8,1
DA:10,1
LF:4
LH:4
BRDA:6,0,0,1
BRDA:6,0,1,0
BRDA:6,1,0,0
BRDA:6,1,1,0
BRDA:7,2,0,1
BRDA:7,2,1,1
BRDA:7,2,2,1
BRDA:7,2,3,1
BRDA:8,3,0,1
BRDA:8,3,1,1
BRDA:8,4,0,0
BRDA:8,4,1,1
BRDA:14,5,0,1
BRDA:14,5,1,0
BRDA:15,6,0,1
BRDA:15,6,1,1
BRF:16
BRH:11
end_of_record
TN:
SF:src\config\index.js
FNF:0
FNH:0
DA:7,1
DA:9,1
DA:10,3
DA:11,0
DA:15,1
DA:17,1
LF:6
LH:5
BRDA:10,0,0,0
BRDA:10,0,1,3
BRDA:18,1,0,1
BRDA:18,1,1,1
BRDA:19,2,0,1
BRDA:19,2,1,0
BRDA:23,3,0,1
BRDA:23,3,1,1
BRDA:23,4,0,0
BRDA:23,4,1,1
BRDA:26,5,0,1
BRDA:26,5,1,0
BRDA:29,6,0,1
BRDA:29,6,1,0
BRDA:32,7,0,1
BRDA:32,7,1,0
BRDA:36,8,0,0
BRDA:36,8,1,1
BRDA:36,9,0,1
BRDA:36,9,1,0
BRDA:41,10,0,0
BRDA:41,10,1,1
BRDA:44,11,0,1
BRDA:44,11,1,1
BRDA:45,12,0,1
BRDA:45,12,1,1
BRF:26
BRH:17
end_of_record
TN:
SF:src\config\redis.js
FN:12,(anonymous_0)
FN:18,(anonymous_1)
FN:22,(anonymous_2)
FNF:3
FNH:2
FNDA:0,(anonymous_0)
FNDA:1,(anonymous_1)
FNDA:1,(anonymous_2)
DA:1,1
DA:2,1
DA:4,1
DA:7,1
DA:9,1
DA:13,0
DA:14,0
DA:18,1
DA:19,1
DA:22,1
DA:23,1
DA:26,1
LF:12
LH:10
BRDA:4,0,0,1
BRDA:4,0,1,1
BRDA:7,1,0,1
BRDA:7,1,1,1
BRDA:11,2,0,0
BRDA:11,2,1,1
BRF:6
BRH:5
end_of_record
TN:
SF:src\constants\enums.js
FNF:0
FNH:0
DA:7,1
DA:18,1
DA:24,1
DA:30,1
DA:33,1
DA:39,1
DA:41,1
DA:46,1
LF:8
LH:8
BRF:0
BRH:0
end_of_record
TN:
SF:src\controllers\aiController.js
FN:29,(anonymous_0)
FN:43,(anonymous_1)
FN:53,(anonymous_2)
FN:74,(anonymous_3)
FN:95,(anonymous_4)
FN:116,(anonymous_5)
FNF:6
FNH:0
FNDA:0,(anonymous_0)
FNDA:0,(anonymous_1)
FNDA:0,(anonymous_2)
FNDA:0,(anonymous_3)
FNDA:0,(anonymous_4)
FNDA:0,(anonymous_5)
DA:7,1
DA:8,1
DA:9,1
DA:10,1
DA:17,1
DA:18,1
DA:19,1
DA:29,1
DA:30,0
DA:31,0
DA:33,0
DA:43,1
DA:44,0
DA:45,0
DA:53,1
DA:54,0
DA:56,0
DA:58,0
DA:59,0
DA:61,0
DA:66,0
DA:67,0
DA:74,1
DA:75,0
DA:77,0
DA:79,0
DA:80,0
DA:82,0
DA:87,0
DA:88,0
DA:95,1
DA:96,0
DA:98,0
DA:100,0
DA:101,0
DA:103,0
DA:108,0
DA:109,0
DA:116,1
DA:117,0
DA:119,0
DA:121,0
DA:122,0
DA:124,0
DA:134,0
DA:135,0
DA:138,1
LF:47
LH:14
BRDA:44,0,0,0
BRDA:44,0,1,0
BRDA:44,1,0,0
BRDA:44,1,1,0
BRF:4
BRH:0
end_of_record
TN:
SF:src\controllers\authController.js
FN:25,(anonymous_0)
FN:50,(anonymous_1)
FN:62,(anonymous_2)
FN:89,(anonymous_3)
FN:99,(anonymous_4)
FN:109,(anonymous_5)
FN:127,(anonymous_6)
FN:143,(anonymous_7)
FN:165,(anonymous_8)
FN:183,(anonymous_9)
FN:201,(anonymous_10)
FNF:11
FNH:3
FNDA:6,(anonymous_0)
FNDA:0,(anonymous_1)
FNDA:3,(anonymous_2)
FNDA:3,(anonymous_3)
FNDA:0,(anonymous_4)
FNDA:0,(anonymous_5)
FNDA:0,(anonymous_6)
FNDA:0,(anonymous_7)
FNDA:0,(anonymous_8)
FNDA:0,(anonymous_9)
FNDA:0,(anonymous_10)
DA:6,1
DA:7,1
DA:8,1
DA:9,1
DA:10,1
DA:11,1
DA:12,1
DA:13,1
DA:14,1
DA:25,1
DA:26,6
DA:28,6
DA:29,6
DA:30,3
DA:31,3
DA:32,3
DA:35,6
DA:50,1
DA:51,0
DA:52,0
DA:62,1
DA:63,3
DA:64,3
DA:66,3
DA:89,1
DA:90,3
DA:91,3
DA:92,3
DA:99,1
DA:100,0
DA:101,0
DA:102,0
DA:109,1
DA:110,0
DA:111,0
DA:112,0
DA:115,0
DA:117,0
DA:118,0
DA:120,0
DA:127,1
DA:128,0
DA:131,0
DA:143,0
DA:144,0
DA:146,0
DA:165,1
DA:166,0
DA:167,0
DA:168,0
DA:172,0
DA:173,0
DA:174,0
DA:176,0
DA:183,1
DA:184,0
DA:185,0
DA:201,1
DA:202,0
DA:203,0
DA:204,0
DA:207,1
LF:62
LH:33
BRDA:29,0,0,3
BRDA:29,0,1,3
BRDA:31,1,0,3
BRDA:31,1,1,0
BRDA:38,2,0,0
BRDA:38,2,1,6
BRDA:55,3,0,0
BRDA:55,3,1,0
BRDA:110,4,0,0
BRDA:110,4,1,0
BRDA:111,5,0,0
BRDA:111,5,1,0
BRDA:166,6,0,0
BRDA:166,6,1,0
BRDA:167,7,0,0
BRDA:167,7,1,0
BRDA:167,8,0,0
BRDA:167,8,1,0
BRF:18
BRH:4
end_of_record
TN:
SF:src\controllers\codeController.js
FN:20,(anonymous_0)
FNF:1
FNH:0
FNDA:0,(anonymous_0)
DA:7,1
DA:8,1
DA:9,1
DA:10,1
DA:20,1
DA:21,0
DA:23,0
DA:25,0
DA:26,0
DA:27,0
DA:28,0
DA:32,0
DA:34,0
DA:35,0
DA:38,0
DA:46,1
LF:16
LH:6
BRDA:25,0,0,0
BRDA:25,0,1,0
BRDA:27,1,0,0
BRDA:27,1,1,0
BRDA:34,2,0,0
BRDA:34,2,1,0
BRDA:35,3,0,0
BRDA:35,3,1,0
BRF:8
BRH:0
end_of_record
TN:
SF:src\controllers\dashboardController.js
FN:14,(anonymous_0)
FN:23,(anonymous_1)
FN:32,(anonymous_2)
FN:41,(anonymous_3)
FN:50,(anonymous_4)
FNF:5
FNH:0
FNDA:0,(anonymous_0)
FNDA:0,(anonymous_1)
FNDA:0,(anonymous_2)
FNDA:0,(anonymous_3)
FNDA:0,(anonymous_4)
DA:6,1
DA:7,1
DA:8,1
DA:14,1
DA:15,0
DA:16,0
DA:23,1
DA:24,0
DA:25,0
DA:32,1
DA:33,0
DA:34,0
DA:41,1
DA:42,0
DA:43,0
DA:50,1
DA:51,0
DA:52,0
DA:55,1
LF:19
LH:9
BRF:0
BRH:0
end_of_record
TN:
SF:src\controllers\problemController.js
FN:8,(anonymous_0)
FN:16,(anonymous_1)
FN:28,(anonymous_2)
FN:55,(anonymous_3)
FN:66,(anonymous_4)
FN:76,(anonymous_5)
FNF:6
FNH:1
FNDA:1,(anonymous_0)
FNDA:0,(anonymous_1)
FNDA:0,(anonymous_2)
FNDA:0,(anonymous_3)
FNDA:0,(anonymous_4)
FNDA:0,(anonymous_5)
DA:1,1
DA:2,1
DA:3,1
DA:8,1
DA:9,1
DA:10,1
DA:16,1
DA:17,0
DA:18,0
DA:21,0
DA:22,0
DA:28,1
DA:29,0
DA:30,0
DA:39,0
DA:55,1
DA:56,0
DA:57,0
DA:58,0
DA:60,0
DA:66,1
DA:67,0
DA:68,0
DA:70,0
DA:76,1
DA:77,0
DA:78,0
DA:80,0
DA:83,1
LF:29
LH:12
BRDA:17,0,0,0
BRDA:17,0,1,0
BRDA:17,1,0,0
BRDA:17,1,1,0
BRDA:57,2,0,0
BRDA:57,2,1,0
BRF:6
BRH:0
end_of_record
TN:
SF:src\controllers\statsController.js
FN:17,(anonymous_0)
FN:39,(anonymous_1)
FNF:2
FNH:0
FNDA:0,(anonymous_0)
FNDA:0,(anonymous_1)
DA:7,1
DA:8,1
DA:9,1
DA:10,1
DA:13,1
DA:14,1
DA:15,1
DA:17,1
DA:18,0
DA:19,0
DA:20,0
DA:23,0
DA:29,0
DA:30,0
DA:32,0
DA:39,1
DA:40,0
DA:41,0
DA:42,0
DA:43,0
DA:44,0
DA:47,0
DA:53,0
DA:55,0
DA:57,0
DA:58,0
DA:62,1
LF:27
LH:10
BRDA:19,0,0,0
BRDA:19,0,1,0
BRDA:19,1,0,0
BRDA:19,1,1,0
BRDA:43,2,0,0
BRDA:43,2,1,0
BRF:6
BRH:0
end_of_record
TN:
SF:src\controllers\submissionController.js
FN:17,(anonymous_0)
FN:50,(anonymous_1)
FN:62,(anonymous_2)
FN:63,(anonymous_3)
FN:69,(anonymous_4)
FN:71,(anonymous_5)
FN:72,(anonymous_6)
FN:75,(anonymous_7)
FN:86,(anonymous_8)
FN:101,(anonymous_9)
FN:115,(anonymous_10)
FNF:11
FNH:3
FNDA:6,(anonymous_0)
FNDA:0,(anonymous_1)
FNDA:0,(anonymous_2)
FNDA:0,(anonymous_3)
FNDA:0,(anonymous_4)
FNDA:0,(anonymous_5)
FNDA:0,(anonymous_6)
FNDA:0,(anonymous_7)
FNDA:0,(anonymous_8)
FNDA:2,(anonymous_9)
FNDA:3,(anonymous_10)
DA:1,1
DA:2,1
DA:3,1
DA:4,1
DA:5,1
DA:6,1
DA:7,1
DA:10,1
DA:17,1
DA:18,6
DA:19,6
DA:22,6
DA:23,6
DA:24,1
DA:26,5
DA:27,0
DA:30,5
DA:37,5
DA:50,1
DA:51,0
DA:53,0
DA:54,0
DA:55,0
DA:56,0
DA:58,0
DA:61,0
DA:62,0
DA:63,0
DA:64,0
DA:69,0
DA:70,0
DA:71,0
DA:72,0
DA:75,0
DA:76,0
DA:77,0
DA:78,0
DA:79,0
DA:83,0
DA:86,0
DA:87,0
DA:88,0
DA:89,0
DA:93,0
DA:101,1
DA:102,2
DA:103,2
DA:105,2
DA:107,2
DA:115,1
DA:116,3
DA:117,3
DA:119,3
DA:121,1
DA:124,1
LF:55
LH:29
BRDA:23,0,0,1
BRDA:23,0,1,5
BRDA:26,1,0,0
BRDA:26,1,1,5
BRDA:26,2,0,5
BRDA:26,2,1,5
BRDA:76,3,0,0
BRDA:76,3,1,0
BRDA:76,4,0,0
BRDA:76,4,1,0
BRDA:103,5,0,2
BRDA:103,6,0,1
BRF:12
BRH:7
end_of_record
TN:
SF:src\middleware\adminMiddleware.js
FN:17,(anonymous_0)
FN:18,(anonymous_1)
FNF:2
FNH:2
FNDA:1,(anonymous_0)
FNDA:1,(anonymous_1)
DA:6,1
DA:17,1
DA:18,1
DA:19,1
DA:20,0
DA:23,1
DA:24,0
DA:27,1
DA:34,1
DA:36,1
LF:10
LH:8
BRDA:17,0,0,0
BRDA:19,1,0,0
BRDA:19,1,1,1
BRDA:23,2,0,0
BRDA:23,2,1,1
BRF:5
BRH:2
end_of_record
TN:
SF:src\middleware\authMiddleware.js
FN:15,(anonymous_0)
FN:34,(anonymous_1)
FN:76,(anonymous_2)
FNF:3
FNH:2
FNDA:14,(anonymous_0)
FNDA:14,(anonymous_1)
FNDA:0,(anonymous_2)
DA:6,1
DA:7,1
DA:8,1
DA:15,1
DA:16,14
DA:17,14
DA:18,14
DA:20,0
DA:21,0
DA:24,0
DA:25,0
DA:27,0
DA:34,1
DA:35,14
DA:36,14
DA:38,14
DA:39,0
DA:43,14
DA:44,14
DA:46,0
DA:47,0
DA:49,0
DA:53,14
DA:55,14
DA:56,0
DA:59,14
DA:60,0
DA:63,14
DA:64,14
DA:66,14
DA:68,0
DA:76,1
DA:77,0
DA:78,0
DA:80,0
DA:81,0
DA:84,0
DA:85,0
DA:86,0
DA:88,0
DA:89,0
DA:90,0
DA:96,0
DA:98,0
DA:102,1
LF:45
LH:21
BRDA:17,0,0,14
BRDA:17,0,1,0
BRDA:17,1,0,14
BRDA:17,1,1,14
BRDA:20,2,0,0
BRDA:20,2,1,0
BRDA:20,3,0,0
BRDA:20,3,1,0
BRDA:24,4,0,0
BRDA:24,4,1,0
BRDA:24,5,0,0
BRDA:24,5,1,0
BRDA:38,6,0,0
BRDA:38,6,1,14
BRDA:46,7,0,0
BRDA:46,7,1,0
BRDA:55,8,0,0
BRDA:55,8,1,14
BRDA:59,9,0,0
BRDA:59,9,1,14
BRDA:80,10,0,0
BRDA:80,10,1,0
BRDA:88,11,0,0
BRDA:88,11,1,0
BRDA:88,12,0,0
BRDA:88,12,1,0
BRF:26
BRH:6
end_of_record
TN:
SF:src\middleware\errorMiddleware.js
FN:10,(anonymous_0)
FN:17,(anonymous_1)
FNF:2
FNH:1
FNDA:3,(anonymous_0)
FNDA:0,(anonymous_1)
DA:7,1
DA:8,1
DA:10,1
DA:11,3
DA:12,3
DA:15,3
DA:16,0
DA:17,0
DA:18,0
DA:22,3
DA:23,0
DA:24,0
DA:25,0
DA:26,0
DA:30,3
DA:31,0
DA:32,0
DA:33,0
DA:37,3
DA:38,0
DA:39,0
DA:40,0
DA:43,3
DA:44,0
DA:45,0
DA:46,0
DA:49,3
DA:52,3
DA:53,3
DA:56,0
DA:57,0
DA:62,3
DA:64,3
DA:68,3
DA:78,1
LF:35
LH:17
BRDA:11,0,0,3
BRDA:11,0,1,0
BRDA:12,1,0,3
BRDA:12,1,1,0
BRDA:15,2,0,0
BRDA:15,2,1,3
BRDA:22,3,0,0
BRDA:22,3,1,3
BRDA:30,4,0,0
BRDA:30,4,1,3
BRDA:37,5,0,0
BRDA:37,5,1,3
BRDA:43,6,0,0
BRDA:43,6,1,3
BRDA:52,7,0,3
BRDA:52,7,1,0
BRDA:56,8,0,0
BRDA:56,8,1,0
BRDA:64,9,0,0
BRDA:64,9,1,3
BRDA:64,10,0,3
BRDA:64,10,1,0
BRDA:71,11,0,3
BRDA:71,11,1,3
BRF:24
BRH:12
end_of_record
TN:
SF:src\models\AIInteraction.js
FNF:0
FNH:0
DA:6,1
DA:8,1
DA:37,1
DA:39,1
LF:4
LH:4
BRF:0
BRH:0
end_of_record
TN:
SF:src\models\Problem.js
FN:144,(anonymous_0)
FNF:1
FNH:1
FNDA:1,(anonymous_0)
DA:6,1
DA:7,1
DA:8,1
DA:10,1
DA:144,1
DA:145,1
DA:146,1
DA:148,1
DA:156,1
DA:158,1
DA:160,1
DA:163,1
LF:12
LH:12
BRDA:145,0,0,1
BRDA:145,0,1,0
BRF:2
BRH:1
end_of_record
TN:
SF:src\models\Submission.js
FNF:0
FNH:0
DA:6,1
DA:7,1
DA:9,1
DA:91,1
DA:92,1
DA:93,1
DA:94,1
DA:95,1
DA:98,1
DA:100,1
DA:102,1
DA:105,1
DA:106,1
DA:108,1
LF:14
LH:14
BRF:0
BRH:0
end_of_record
TN:
SF:src\models\User.js
FN:109,(anonymous_0)
FN:134,(anonymous_1)
FNF:2
FNH:1
FNDA:3,(anonymous_0)
FNDA:0,(anonymous_1)
DA:6,1
DA:7,1
DA:8,1
DA:10,1
DA:109,1
DA:110,3
DA:111,0
DA:114,3
DA:115,3
DA:116,3
DA:117,3
DA:119,0
DA:134,1
DA:135,0
DA:143,1
DA:146,1
DA:148,1
LF:17
LH:14
BRDA:110,0,0,0
BRDA:110,0,1,3
BRF:2
BRH:1
end_of_record
TN:
SF:src\routes\aiRoutes.js
FNF:0
FNH:0
DA:6,1
DA:7,1
DA:9,1
DA:15,1
DA:21,1
DA:23,1
DA:30,1
DA:42,1
DA:43,1
DA:54,1
DA:61,1
DA:68,1
DA:75,1
DA:77,1
LF:14
LH:14
BRDA:32,0,0,1
BRDA:32,0,1,0
BRF:2
BRH:1
end_of_record
TN:
SF:src\routes\authRoutes.js
FNF:0
FNH:0
DA:6,1
DA:7,1
DA:16,1
DA:17,1
DA:18,1
DA:20,1
DA:26,1
DA:42,1
DA:45,1
DA:48,1
DA:55,1
DA:58,1
DA:61,1
DA:64,1
DA:66,1
LF:15
LH:15
BRDA:28,0,0,1
BRDA:28,0,1,0
BRF:2
BRH:1
end_of_record
TN:
SF:src\routes\codeRoutes.js
FNF:0
FNH:0
DA:6,1
DA:7,1
DA:8,1
DA:9,1
DA:11,1
DA:18,1
DA:20,1
LF:7
LH:7
BRF:0
BRH:0
end_of_record
TN:
SF:src\routes\dashboardRoutes.js
FNF:0
FNH:0
DA:6,1
DA:7,1
DA:14,1
DA:16,1
DA:19,1
DA:25,1
DA:31,1
DA:37,1
DA:43,1
DA:49,1
DA:51,1
LF:11
LH:11
BRF:0
BRH:0
end_of_record
TN:
SF:src\routes\problemRoutes.js
FNF:0
FNH:0
DA:6,1
DA:14,1
DA:16,1
DA:17,1
DA:18,1
DA:20,1
DA:29,1
DA:34,1
DA:43,1
DA:48,1
DA:53,1
DA:58,1
DA:60,1
LF:13
LH:13
BRF:0
BRH:0
end_of_record
TN:
SF:src\routes\statsRoutes.js
FNF:0
FNH:0
DA:1,1
DA:2,1
DA:4,1
DA:10,1
DA:16,1
DA:18,1
LF:6
LH:6
BRF:0
BRH:0
end_of_record
TN:
SF:src\routes\submissionRoutes.js
FNF:0
FNH:0
DA:6,1
DA:7,1
DA:13,1
DA:18,1
DA:20,1
DA:23,1
DA:29,1
DA:35,1
DA:41,1
DA:47,1
DA:49,1
LF:11
LH:11
BRF:0
BRH:0
end_of_record
TN:
SF:src\services\aiService.js
FN:24,(anonymous_0)
FN:37,(anonymous_1)
FN:51,(anonymous_2)
FN:81,(anonymous_3)
FNF:4
FNH:0
FNDA:0,(anonymous_0)
FNDA:0,(anonymous_1)
FNDA:0,(anonymous_2)
FNDA:0,(anonymous_3)
DA:7,1
DA:8,1
DA:14,1
DA:24,1
DA:25,0
DA:26,0
DA:37,1
DA:38,0
DA:39,0
DA:51,1
DA:52,0
DA:55,0
DA:56,0
DA:57,0
DA:60,0
DA:61,0
DA:64,0
DA:65,0
DA:68,0
DA:81,1
DA:82,0
DA:83,0
DA:86,1
LF:23
LH:8
BRDA:56,0,0,0
BRDA:56,0,1,0
BRDA:64,1,0,0
BRDA:64,1,1,0
BRF:4
BRH:0
end_of_record
TN:
SF:src\services\authService.js
FN:21,(anonymous_0)
FN:40,(anonymous_1)
FN:70,(anonymous_2)
FN:106,(anonymous_3)
FN:125,(anonymous_4)
FN:141,(anonymous_5)
FN:152,(anonymous_6)
FN:186,(anonymous_7)
FNF:8
FNH:2
FNDA:3,(anonymous_0)
FNDA:3,(anonymous_1)
FNDA:0,(anonymous_2)
FNDA:0,(anonymous_3)
FNDA:0,(anonymous_4)
FNDA:0,(anonymous_5)
FNDA:0,(anonymous_6)
FNDA:0,(anonymous_7)
DA:6,1
DA:7,1
DA:8,1
DA:9,1
DA:14,1
DA:21,1
DA:22,3
DA:23,3
DA:24,3
DA:25,0
DA:26,0
DA:27,0
DA:28,0
DA:30,0
DA:32,3
DA:41,3
DA:42,3
DA:43,0
DA:46,3
DA:48,3
DA:49,3
DA:50,3
DA:52,3
DA:60,3
DA:62,3
DA:72,0
DA:73,0
DA:74,0
DA:77,0
DA:78,0
DA:81,0
DA:82,0
DA:83,0
DA:86,0
DA:87,0
DA:88,0
DA:91,0
DA:99,0
DA:108,0
DA:109,0
DA:111,0
DA:114,0
DA:119,0
DA:120,0
DA:124,0
DA:125,0
DA:128,0
DA:129,0
DA:130,0
DA:132,0
DA:133,0
DA:135,0
DA:142,0
DA:153,0
DA:162,0
DA:163,0
DA:164,0
DA:165,0
DA:169,0
DA:175,0
DA:176,0
DA:179,0
DA:187,0
DA:188,0
DA:189,0
DA:192,0
DA:193,0
DA:194,0
DA:197,0
DA:198,0
DA:202,1
LF:71
LH:20
BRDA:23,0,0,3
BRDA:23,0,1,0
BRDA:25,1,0,0
BRDA:25,1,1,0
BRDA:27,2,0,0
BRDA:27,2,1,0
BRDA:42,3,0,0
BRDA:42,3,1,3
BRDA:73,4,0,0
BRDA:73,4,1,0
BRDA:77,5,0,0
BRDA:77,5,1,0
BRDA:82,6,0,0
BRDA:82,6,1,0
BRDA:119,7,0,0
BRDA:119,7,1,0
BRDA:119,8,0,0
BRDA:119,8,1,0
BRDA:125,9,0,0
BRDA:125,9,1,0
BRDA:164,10,0,0
BRDA:164,10,1,0
BRDA:175,11,0,0
BRDA:175,11,1,0
BRDA:188,12,0,0
BRDA:188,12,1,0
BRDA:193,13,0,0
BRDA:193,13,1,0
BRF:28
BRH:2
end_of_record
TN:
SF:src\services\dashboardService.js
FN:21,(anonymous_0)
FN:56,(anonymous_1)
FN:79,(anonymous_2)
FN:93,(anonymous_3)
FN:112,(anonymous_4)
FN:129,(anonymous_5)
FN:140,(anonymous_6)
FN:164,(anonymous_7)
FN:177,(anonymous_8)
FNF:9
FNH:0
FNDA:0,(anonymous_0)
FNDA:0,(anonymous_1)
FNDA:0,(anonymous_2)
FNDA:0,(anonymous_3)
FNDA:0,(anonymous_4)
FNDA:0,(anonymous_5)
FNDA:0,(anonymous_6)
FNDA:0,(anonymous_7)
FNDA:0,(anonymous_8)
DA:6,1
DA:7,1
DA:8,1
DA:9,1
DA:10,1
DA:11,1
DA:12,1
DA:13,1
DA:23,0
DA:24,0
DA:25,0
DA:27,0
DA:29,0
DA:30,0
DA:31,0
DA:34,0
DA:35,0
DA:36,0
DA:38,0
DA:43,0
DA:56,0
DA:57,0
DA:59,0
DA:61,0
DA:70,0
DA:71,0
DA:81,0
DA:82,0
DA:83,0
DA:85,0
DA:86,0
DA:89,0
DA:92,0
DA:93,0
DA:95,0
DA:101,0
DA:102,0
DA:113,0
DA:115,0
DA:125,0
DA:127,0
DA:129,0
DA:141,0
DA:143,0
DA:148,0
DA:156,0
DA:164,0
DA:165,0
DA:166,0
DA:169,0
DA:178,0
DA:180,0
DA:181,0
DA:182,0
DA:185,0
DA:187,0
DA:201,0
DA:203,0
DA:207,1
LF:59
LH:9
BRDA:25,0,0,0
BRDA:25,0,1,0
BRDA:30,1,0,0
BRDA:30,1,1,0
BRDA:34,2,0,0
BRDA:34,2,1,0
BRDA:35,3,0,0
BRDA:35,3,1,0
BRDA:36,4,0,0
BRDA:36,4,1,0
BRDA:38,5,0,0
BRDA:38,5,1,0
BRDA:62,6,0,0
BRDA:62,6,1,0
BRDA:83,7,0,0
BRDA:83,7,1,0
BRDA:86,8,0,0
BRDA:86,8,1,0
BRDA:96,9,0,0
BRDA:96,9,1,0
BRDA:96,10,0,0
BRDA:96,10,1,0
BRDA:97,11,0,0
BRDA:97,11,1,0
BRDA:97,12,0,0
BRDA:97,12,1,0
BRDA:98,13,0,0
BRDA:98,13,1,0
BRDA:98,14,0,0
BRDA:98,14,1,0
BRDA:125,15,0,0
BRDA:125,15,1,0
BRDA:127,16,0,0
BRDA:127,16,1,0
BRDA:166,17,0,0
BRDA:166,17,1,0
BRDA:181,18,0,0
BRDA:181,18,1,0
BRF:38
BRH:0
end_of_record
TN:
SF:src\services\problemService.js
FN:21,(anonymous_0)
FN:33,(anonymous_1)
FN:34,(anonymous_2)
FN:60,(anonymous_3)
FN:93,(anonymous_4)
FN:97,(anonymous_5)
FN:118,(anonymous_6)
FN:193,(anonymous_7)
FN:194,(anonymous_8)
FN:196,(anonymous_9)
FN:197,(anonymous_10)
FN:210,(anonymous_11)
FN:255,(anonymous_12)
FN:256,(anonymous_13)
FN:258,(anonymous_14)
FN:259,(anonymous_15)
FN:301,(anonymous_16)
FN:319,(anonymous_17)
FN:341,(anonymous_18)
FNF:19
FNH:1
FNDA:1,(anonymous_0)
FNDA:0,(anonymous_1)
FNDA:0,(anonymous_2)
FNDA:0,(anonymous_3)
FNDA:0,(anonymous_4)
FNDA:0,(anonymous_5)
FNDA:0,(anonymous_6)
FNDA:0,(anonymous_7)
FNDA:0,(anonymous_8)
FNDA:0,(anonymous_9)
FNDA:0,(anonymous_10)
FNDA:0,(anonymous_11)
FNDA:0,(anonymous_12)
FNDA:0,(anonymous_13)
FNDA:0,(anonymous_14)
FNDA:0,(anonymous_15)
FNDA:0,(anonymous_16)
FNDA:0,(anonymous_17)
FNDA:0,(anonymous_18)
DA:6,1
DA:7,1
DA:8,1
DA:9,1
DA:10,1
DA:11,1
DA:12,1
DA:22,1
DA:23,1
DA:24,1
DA:34,0
DA:40,0
DA:41,0
DA:42,0
DA:44,0
DA:46,0
DA:48,0
DA:61,0
DA:63,0
DA:64,0
DA:65,0
DA:67,0
DA:68,0
DA:71,0
DA:72,0
DA:74,0
DA:77,0
DA:79,0
DA:89,0
DA:90,0
DA:91,0
DA:92,0
DA:93,0
DA:97,0
DA:102,0
DA:119,0
DA:120,0
DA:123,0
DA:124,0
DA:127,0
DA:133,0
DA:135,0
DA:140,0
DA:141,0
DA:145,0
DA:146,0
DA:147,0
DA:148,0
DA:149,0
DA:151,0
DA:160,0
DA:161,0
DA:164,0
DA:169,0
DA:170,0
DA:171,0
DA:181,0
DA:182,0
DA:193,0
DA:194,0
DA:195,0
DA:196,0
DA:197,0
DA:198,0
DA:201,0
DA:202,0
DA:203,0
DA:206,0
DA:207,0
DA:208,0
DA:210,0
DA:211,0
DA:212,0
DA:213,0
DA:214,0
DA:217,0
DA:221,0
DA:224,0
DA:231,0
DA:234,0
DA:235,0
DA:236,0
DA:243,0
DA:244,0
DA:255,0
DA:256,0
DA:257,0
DA:258,0
DA:259,0
DA:260,0
DA:263,0
DA:264,0
DA:265,0
DA:268,0
DA:269,0
DA:270,0
DA:272,0
DA:273,0
DA:274,0
DA:275,0
DA:279,0
DA:280,0
DA:285,0
DA:289,0
DA:302,0
DA:306,0
DA:308,0
DA:309,0
DA:320,0
DA:321,0
DA:324,0
DA:330,0
DA:331,0
DA:334,0
DA:342,0
DA:343,0
DA:344,0
DA:346,0
DA:350,1
LF:119
LH:11
BRDA:36,0,0,0
BRDA:36,0,1,0
BRDA:44,1,0,0
BRDA:44,1,1,0
BRDA:46,2,0,0
BRDA:46,2,1,0
BRDA:60,3,0,0
BRDA:60,4,0,0
BRDA:63,5,0,0
BRDA:63,5,1,0
BRDA:64,6,0,0
BRDA:64,6,1,0
BRDA:65,7,0,0
BRDA:65,7,1,0
BRDA:67,8,0,0
BRDA:67,8,1,0
BRDA:68,9,0,0
BRDA:68,9,1,0
BRDA:71,10,0,0
BRDA:71,10,1,0
BRDA:72,11,0,0
BRDA:72,11,1,0
BRDA:90,12,0,0
BRDA:90,12,1,0
BRDA:92,13,0,0
BRDA:92,13,1,0
BRDA:92,14,0,0
BRDA:92,14,1,0
BRDA:118,15,0,0
BRDA:119,16,0,0
BRDA:119,16,1,0
BRDA:123,17,0,0
BRDA:123,17,1,0
BRDA:127,18,0,0
BRDA:127,18,1,0
BRDA:140,19,0,0
BRDA:140,19,1,0
BRDA:145,20,0,0
BRDA:145,20,1,0
BRDA:148,21,0,0
BRDA:148,21,1,0
BRDA:148,22,0,0
BRDA:148,22,1,0
BRDA:169,23,0,0
BRDA:169,23,1,0
BRDA:169,24,0,0
BRDA:169,24,1,0
BRDA:169,24,2,0
BRDA:206,25,0,0
BRDA:206,25,1,0
BRDA:211,26,0,0
BRDA:211,26,1,0
BRDA:212,27,0,0
BRDA:212,27,1,0
BRDA:213,28,0,0
BRDA:213,28,1,0
BRDA:214,29,0,0
BRDA:214,29,1,0
BRDA:231,30,0,0
BRDA:231,30,1,0
BRDA:234,31,0,0
BRDA:234,31,1,0
BRDA:269,32,0,0
BRDA:269,32,1,0
BRDA:272,33,0,0
BRDA:272,33,1,0
BRDA:274,34,0,0
BRDA:274,34,1,0
BRDA:306,35,0,0
BRDA:306,35,1,0
BRDA:309,36,0,0
BRDA:309,36,1,0
BRDA:320,37,0,0
BRDA:320,37,1,0
BRDA:330,38,0,0
BRDA:330,38,1,0
BRDA:343,39,0,0
BRDA:343,39,1,0
BRF:78
BRH:0
end_of_record
TN:
SF:src\services\submissionService.js
FN:22,(anonymous_0)
FN:141,(anonymous_1)
FN:174,(anonymous_2)
FN:208,(anonymous_3)
FN:231,(anonymous_4)
FNF:5
FNH:2
FNDA:0,(anonymous_0)
FNDA:0,(anonymous_1)
FNDA:2,(anonymous_2)
FNDA:3,(anonymous_3)
FNDA:0,(anonymous_4)
DA:6,1
DA:7,1
DA:8,1
DA:9,1
DA:10,1
DA:11,1
DA:24,0
DA:26,0
DA:27,0
DA:30,0
DA:31,0
DA:37,0
DA:38,0
DA:39,0
DA:40,0
DA:42,0
DA:45,0
DA:50,0
DA:57,0
DA:71,0
DA:72,0
DA:79,0
DA:110,0
DA:115,0
DA:116,0
DA:119,0
DA:142,0
DA:148,0
DA:165,0
DA:175,2
DA:176,2
DA:177,2
DA:179,2
DA:190,2
DA:209,3
DA:214,3
DA:215,1
DA:219,2
DA:220,1
DA:223,1
DA:232,0
DA:241,0
DA:245,1
LF:43
LH:18
BRDA:26,0,0,0
BRDA:26,0,1,0
BRDA:30,1,0,0
BRDA:30,1,1,0
BRDA:30,2,0,0
BRDA:30,2,1,0
BRDA:39,3,0,0
BRDA:39,3,1,0
BRDA:40,4,0,0
BRDA:40,4,1,0
BRDA:67,5,0,0
BRDA:67,5,1,0
BRDA:75,6,0,0
BRDA:75,6,1,0
BRDA:83,7,0,0
BRDA:83,7,1,0
BRDA:115,8,0,0
BRDA:115,8,1,0
BRDA:158,9,0,0
BRDA:158,9,1,0
BRDA:174,10,0,0
BRDA:174,11,0,0
BRDA:175,12,0,2
BRDA:175,12,1,0
BRDA:176,13,0,2
BRDA:176,13,1,0
BRDA:214,14,0,1
BRDA:214,14,1,2
BRDA:219,15,0,1
BRDA:219,15,1,1
BRDA:241,16,0,0
BRDA:241,16,1,0
BRF:32
BRH:6
end_of_record
TN:
SF:src\utils\AppError.js
FN:9,(anonymous_0)
FNF:1
FNH:1
FNDA:3,(anonymous_0)
DA:10,3
DA:11,3
DA:12,3
DA:15,3
DA:19,1
LF:5
LH:5
BRF:0
BRH:0
end_of_record
TN:
SF:src\utils\asyncHandler.js
FN:6,(anonymous_0)
FN:6,(anonymous_1)
FNF:2
FNH:2
FNDA:26,(anonymous_0)
FNDA:15,(anonymous_1)
DA:6,26
DA:7,15
DA:10,1
LF:3
LH:3
BRF:0
BRH:0
end_of_record
TN:
SF:src\utils\generateToken.js
FN:19,(anonymous_0)
FN:33,(anonymous_1)
FN:48,(anonymous_2)
FN:65,(anonymous_3)
FNF:4
FNH:3
FNDA:3,(anonymous_0)
FNDA:3,(anonymous_1)
FNDA:14,(anonymous_2)
FNDA:0,(anonymous_3)
DA:8,1
DA:9,1
DA:11,1
DA:19,1
DA:20,3
DA:21,3
DA:33,1
DA:34,3
DA:35,3
DA:48,1
DA:49,14
DA:50,14
DA:52,0
DA:53,0
DA:55,0
DA:65,1
DA:66,0
DA:67,0
DA:69,0
DA:70,0
DA:72,0
DA:76,1
LF:22
LH:14
BRDA:20,0,0,3
BRDA:20,0,1,0
BRDA:34,1,0,3
BRDA:34,1,1,0
BRDA:52,2,0,0
BRDA:52,2,1,0
BRDA:69,3,0,0
BRDA:69,3,1,0
BRF:8
BRH:2
end_of_record
TN:
SF:src\utils\logger.js
FN:24,(anonymous_0)
FNF:1
FNH:1
FNDA:5,(anonymous_0)
DA:13,1
DA:15,1
DA:17,1
DA:20,1
DA:25,5
DA:32,1
DA:38,1
DA:60,1
LF:8
LH:8
BRDA:25,0,0,0
BRDA:25,0,1,5
BRDA:39,1,0,1
BRDA:39,1,1,0
BRDA:40,2,0,1
BRDA:40,2,1,0
BRF:6
BRH:3
end_of_record
TN:
SF:src\utils\promptTemplates.js
FN:12,(anonymous_0)
FN:41,(anonymous_1)
FN:68,(anonymous_2)
FN:99,(anonymous_3)
FNF:4
FNH:0
FNDA:0,(anonymous_0)
FNDA:0,(anonymous_1)
FNDA:0,(anonymous_2)
FNDA:0,(anonymous_3)
DA:12,1
DA:13,0
DA:41,1
DA:42,0
DA:68,1
DA:69,0
DA:99,1
DA:100,0
DA:130,1
LF:9
LH:5
BRF:0
BRH:0
end_of_record
TN:
SF:src\utils\responseHandler.js
FN:16,(anonymous_0)
FN:41,(anonymous_1)
FNF:2
FNH:1
FNDA:9,(anonymous_0)
FNDA:0,(anonymous_1)
DA:16,1
DA:17,9
DA:22,9
DA:23,9
DA:26,9
DA:27,2
DA:30,9
DA:41,1
DA:42,0
DA:47,0
DA:48,0
DA:51,0
DA:54,1
LF:13
LH:9
BRDA:16,0,0,0
BRDA:16,1,0,7
BRDA:22,2,0,9
BRDA:22,2,1,0
BRDA:26,3,0,2
BRDA:26,3,1,7
BRDA:41,4,0,0
BRDA:47,5,0,0
BRDA:47,5,1,0
BRF:9
BRH:4
end_of_record
TN:
SF:src\utils\slugify.js
FN:12,(anonymous_0)
FNF:1
FNH:1
FNDA:1,(anonymous_0)
DA:12,1
DA:13,1
DA:21,1
LF:3
LH:3
BRF:0
BRH:0
end_of_record
TN:
SF:src\utils\validationHandler.js
FN:17,(anonymous_0)
FN:21,(anonymous_1)
FNF:2
FNH:2
FNDA:17,(anonymous_0)
FNDA:4,(anonymous_1)
DA:7,1
DA:17,1
DA:18,17
DA:20,17
DA:21,4
DA:26,2
DA:33,15
DA:36,1
LF:8
LH:8
BRDA:20,0,0,2
BRDA:20,0,1,15
BRDA:22,1,0,4
BRDA:22,1,1,0
BRF:4
BRH:3
end_of_record
TN:
SF:src\validators\aiValidator.js
FNF:0
FNH:0
DA:8,1
DA:9,1
DA:14,1
DA:20,1
DA:42,1
DA:64,1
DA:91,1
DA:122,1
LF:8
LH:8
BRF:0
BRH:0
end_of_record
TN:
SF:src\validators\authValidator.js
FN:42,(anonymous_0)
FNF:1
FNH:1
FNDA:3,(anonymous_0)
DA:6,1
DA:7,1
DA:13,1
DA:43,3
DA:44,0
DA:46,3
DA:56,1
DA:74,1
LF:8
LH:7
BRDA:43,0,0,0
BRDA:43,0,1,3
BRF:2
BRH:1
end_of_record
TN:
SF:src\validators\codeValidator.js
FNF:0
FNH:0
DA:6,1
DA:7,1
DA:8,1
DA:10,1
DA:38,1
LF:5
LH:5
BRF:0
BRH:0
end_of_record
TN:
SF:src\validators\problemValidator.js
FNF:0
FNH:0
DA:6,1
DA:7,1
DA:9,1
DA:97,1
DA:151,1
LF:5
LH:5
BRF:0
BRH:0
end_of_record
TN:
SF:src\validators\submissionValidator.js
FNF:0
FNH:0
DA:6,1
DA:7,1
DA:8,1
DA:13,1
DA:42,1
DA:59,1
DA:67,1
LF:7
LH:7
BRF:0
BRH:0
end_of_record
TN:
SF:src\workers\submissionQueue.js
FNF:0
FNH:0
DA:1,1
DA:2,1
DA:4,1
DA:17,1
LF:4
LH:4
BRF:0
BRH:0
end_of_record
